Meteo station v1.3
Humidity is: 28%
Temperature 1(mid) is: 24.2C
Temperature 2(up) is: 23.9C
Temperature 3(down) is: 24.0C
Temperature outside is: 24.0C
2016-01-16 20:27:59
[append_row(Session ended)] Error: ''
Starting new session...
Humidity is: 28%
Temperature 1(mid) is: 24.2C
Temperature 2(up) is: 24.1C
Temperature 3(down) is: 24.5C
Temperature outside is: 24.0C
2016-01-16 20:43:29
[append_row(Session ended)] Error: ''
Starting new session...
Humidity is: 28%
Temperature 1(mid) is: 24.1C
Temperature 2(up) is: 24.1C
Temperature 3(down) is: 24.5C
Temperature outside is: 24.2C
2016-01-16 20:58:43
[append_row(Session ended)] Error: ''
Starting new session...
Humidity is: 27%
Temperature 1(mid) is: 24.6C
Temperature 2(up) is: 24.2C
Temperature 3(down) is: 24.5C
Temperature outside is: 24.4C
2016-01-16 21:13:55
[append_row(Session ended)] Error: ''
Starting new session...
Humidity is: 27%
Temperature 1(mid) is: 25.0C
Temperature 2(up) is: 24.2C
Temperature 3(down) is: 24.5C
Temperature outside is: 24.4C
2016-01-16 21:29:11
[append_row(Session ended)] Error: ''
Starting new session...
Humidity is: 27%
Temperature 1(mid) is: 25.1C
Temperature 2(up) is: 24.4C
Temperature 3(down) is: 24.5C
Temperature outside is: 24.4C
2016-01-16 21:44:24
[append_row(Session ended)] Error: ''
Starting new session...
Humidity is: 28%
Temperature 1(mid) is: 25.3C
Temperature 2(up) is: 24.4C
Temperature 3(down) is: 24.5C
Temperature outside is: 24.4C
2016-01-16 21:59:39
[append_row(Session ended)] Error: ''
Starting new session...
Humidity is: 28%
Temperature 1(mid) is: 25.4C
Temperature 2(up) is: 24.5C
Temperature 3(down) is: 24.5C
Temperature outside is: 24.6C
2016-01-16 22:14:52
[append_row(Session ended)] Error: ''
Starting new session...
Humidity is: 28%
Temperature 1(mid) is: 25.4C
Temperature 2(up) is: 24.6C
Temperature 3(down) is: 24.5C
Temperature outside is: 24.6C
2016-01-16 22:30:05
[append_row(Session ended)] Error: ''
Starting new session...
Humidity is: 29%
Temperature 1(mid) is: 25.5C
Temperature 2(up) is: 24.6C
Temperature 3(down) is: 25.0C
Temperature outside is: 24.6C
2016-01-16 22:45:21
[append_row(Session ended)] Error: ''
Starting new session...
Humidity is: 28%
Temperature 1(mid) is: 25.5C
Temperature 2(up) is: 24.6C
Temperature 3(down) is: 25.0C
Temperature outside is: 24.6C
2016-01-16 23:00:35
[append_row(Session ended)] Error: ''
Starting new session...
Humidity is: 28%
Temperature 1(mid) is: 25.6C
Temperature 2(up) is: 24.7C
Temperature 3(down) is: 25.0C
Temperature outside is: 24.6C
2016-01-16 23:15:49
[append_row(Session ended)] Error: ''
Starting new session...
Humidity is: 28%
Temperature 1(mid) is: 25.6C
Temperature 2(up) is: 24.8C
Temperature 3(down) is: 25.0C
Temperature outside is: 24.6C
2016-01-16 23:31:02
[append_row(Session ended)] Error: ''
Starting new session...
Humidity is: 28%
Temperature 1(mid) is: 25.7C
Temperature 2(up) is: 24.8C
Temperature 3(down) is: 25.0C
Temperature outside is: 24.7C
2016-01-16 23:46:16
[append_row(Session ended)] Error: ''
Starting new session...
Humidity is: 28%
Temperature 1(mid) is: 25.7C
Temperature 2(up) is: 24.8C
Temperature 3(down) is: 25.0C
Temperature outside is: 24.7C
2016-01-17 00:01:28
[append_row(Session ended)] Error: ''
Starting new session...
Humidity is: 28%
Temperature 1(mid) is: 25.7C
Temperature 2(up) is: 24.8C
Temperature 3(down) is: 25.0C
Temperature outside is: 24.7C
2016-01-17 00:16:40
[append_row(Session ended)] Error: ''
Starting new session...
Humidity is: 29%
Temperature 1(mid) is: 25.7C
Temperature 2(up) is: 24.8C
Temperature 3(down) is: 25.0C
Temperature outside is: 24.6C
2016-01-17 00:31:55
[append_row(Session ended)] Error: ''
Starting new session...
Humidity is: 29%
Temperature 1(mid) is: 25.7C
Temperature 2(up) is: 24.8C
Temperature 3(down) is: 25.0C
Temperature outside is: 24.6C
2016-01-17 00:47:12
[append_row(Session ended)] Error: ''
Starting new session...
Humidity is: 29%
Temperature 1(mid) is: 25.5C
Temperature 2(up) is: 24.8C
Temperature 3(down) is: 25.0C
Temperature outside is: 24.6C
2016-01-17 01:02:24
[append_row(Session ended)] Error: ''
Starting new session...
Humidity is: 29%
Temperature 1(mid) is: 25.4C
Temperature 2(up) is: 24.8C
Temperature 3(down) is: 25.0C
Temperature outside is: 24.6C
2016-01-17 01:17:40
[append_row(Session ended)] Error: ''
Starting new session...
Humidity is: 29%
Temperature 1(mid) is: 25.3C
Temperature 2(up) is: 24.8C
Temperature 3(down) is: 25.0C
Temperature outside is: 24.5C
2016-01-17 01:32:58
[append_row(Session ended)] Error: ''
Starting new session...
Humidity is: 29%
Temperature 1(mid) is: 25.2C
Temperature 2(up) is: 24.8C
Temperature 3(down) is: 25.0C
Temperature outside is: 24.5C
2016-01-17 01:48:12
[append_row(Session ended)] Error: ''
Starting new session...
Humidity is: 29%
Temperature 1(mid) is: 25.2C
Temperature 2(up) is: 24.7C
Temperature 3(down) is: 25.0C
Temperature outside is: 24.5C
2016-01-17 02:03:26
[append_row(Session ended)] Error: ''
Starting new session...
Humidity is: 29%
Temperature 1(mid) is: 25.1C
Temperature 2(up) is: 24.7C
Temperature 3(down) is: 25.0C
Temperature outside is: 24.5C
2016-01-17 02:18:41
[append_row(Session ended)] Error: ''
Starting new session...
Humidity is: 29%
Temperature 1(mid) is: 25.1C
Temperature 2(up) is: 24.7C
Temperature 3(down) is: 25.0C
Temperature outside is: 24.5C
2016-01-17 02:33:57
[append_row(Session ended)] Error: ''
Starting new session...
Humidity is: 30%
Temperature 1(mid) is: 25.0C
Temperature 2(up) is: 24.7C
Temperature 3(down) is: 25.0C
Temperature outside is: 24.5C
2016-01-17 02:49:15
[append_row(Session ended)] Error: ''
Starting new session...
Humidity is: 30%
Temperature 1(mid) is: 25.0C
Temperature 2(up) is: 24.7C
Temperature 3(down) is: 25.0C
Temperature outside is: 24.4C
2016-01-17 03:04:27
[append_row(Session ended)] Error: ''
Starting new session...
Humidity is: 30%
Temperature 1(mid) is: 25.0C
Temperature 2(up) is: 24.7C
Temperature 3(down) is: 25.0C
Temperature outside is: 24.5C
2016-01-17 03:19:43
[append_row(Session ended)] Error: ''
Starting new session...
Humidity is: 30%
Temperature 1(mid) is: 25.0C
Temperature 2(up) is: 24.7C
Temperature 3(down) is: 25.0C
Temperature outside is: 24.5C
2016-01-17 03:34:59
[append_row(Session ended)] Error: ''
Starting new session...
Humidity is: 30%
Temperature 1(mid) is: 25.1C
Temperature 2(up) is: 24.7C
Temperature 3(down) is: 25.0C
Temperature outside is: 24.5C
2016-01-17 03:50:14
[append_row(Session ended)] Error: ''
Starting new session...
Humidity is: 29%
Temperature 1(mid) is: 25.1C
Temperature 2(up) is: 24.7C
Temperature 3(down) is: 25.0C
Temperature outside is: 24.5C
2016-01-17 04:05:26
[append_row(Session ended)] Error: ''
Starting new session...
Humidity is: 30%
Temperature 1(mid) is: 25.0C
Temperature 2(up) is: 24.7C
Temperature 3(down) is: 25.0C
Temperature outside is: 24.5C
2016-01-17 04:20:41
[append_row(Session ended)] Error: ''
Starting new session...
Humidity is: 29%
Temperature 1(mid) is: 25.0C
Temperature 2(up) is: 24.7C
Temperature 3(down) is: 25.0C
Temperature outside is: 24.5C
2016-01-17 04:35:56
[append_row(Session ended)] Error: ''
Starting new session...
Humidity is: 30%
Temperature 1(mid) is: 25.1C
Temperature 2(up) is: 24.7C
Temperature 3(down) is: 25.0C
Temperature outside is: 24.5C
2016-01-17 04:51:12
[append_row(Session ended)] Error: ''
Starting new session...
Humidity is: 29%
Temperature 1(mid) is: 25.1C
Temperature 2(up) is: 24.7C
Temperature 3(down) is: 25.0C
Temperature outside is: 24.5C
2016-01-17 05:06:26
[append_row(Session ended)] Error: ''
Starting new session...
Humidity is: 29%
Temperature 1(mid) is: 25.1C
Temperature 2(up) is: 24.7C
Temperature 3(down) is: 25.0C
Temperature outside is: 24.4C
2016-01-17 05:21:41
[append_row(Session ended)] Error: ''
Starting new session...
Humidity is: 29%
Temperature 1(mid) is: 25.0C
Temperature 2(up) is: 24.7C
Temperature 3(down) is: 25.0C
Temperature outside is: 24.5C
2016-01-17 05:36:54
[append_row(Session ended)] Error: ''
Starting new session...
Humidity is: 29%
Temperature 1(mid) is: 25.0C
Temperature 2(up) is: 24.8C
Temperature 3(down) is: 25.0C
Temperature outside is: 24.4C
2016-01-17 05:52:08
[append_row(Session ended)] Error: ''
Starting new session...
Humidity is: 29%
Temperature 1(mid) is: 25.0C
Temperature 2(up) is: 24.7C
Temperature 3(down) is: 25.0C
Temperature outside is: 24.4C
2016-01-17 06:07:22
[append_row(Session ended)] Error: ''
Starting new session...
Humidity is: 29%
Temperature 1(mid) is: 25.0C
Temperature 2(up) is: 24.7C
Temperature 3(down) is: 25.0C
Temperature outside is: 24.4C
2016-01-17 06:22:36
[append_row(Session ended)] Error: ''
Starting new session...
Humidity is: 29%
Temperature 1(mid) is: 25.0C
Temperature 2(up) is: 24.7C
Temperature 3(down) is: 25.0C
Temperature outside is: 24.4C
2016-01-17 06:37:51
[append_row(Session ended)] Error: ''
Starting new session...
Humidity is: 29%
Temperature 1(mid) is: 25.0C
Temperature 2(up) is: 24.7C
Temperature 3(down) is: 25.0C
Temperature outside is: 24.4C
2016-01-17 06:53:06
[append_row(Session ended)] Error: ''
Starting new session...
Humidity is: 29%
Temperature 1(mid) is: 25.0C
Temperature 2(up) is: 24.7C
Temperature 3(down) is: 25.0C
Temperature outside is: 24.4C
2016-01-17 07:08:20
[append_row(Session ended)] Error: ''
Starting new session...
Humidity is: 29%
Temperature 1(mid) is: 25.0C
Temperature 2(up) is: 24.7C
Temperature 3(down) is: 25.0C
Temperature outside is: 24.5C
2016-01-17 07:23:36
[append_row(Session ended)] Error: ''
Starting new session...
Humidity is: 29%
Temperature 1(mid) is: 25.0C
Temperature 2(up) is: 24.7C
Temperature 3(down) is: 25.0C
Temperature outside is: 24.5C
2016-01-17 07:38:51
[append_row(Session ended)] Error: ''
Starting new session...
Humidity is: 29%
Temperature 1(mid) is: 25.0C
Temperature 2(up) is: 24.7C
Temperature 3(down) is: 25.0C
Temperature outside is: 24.4C
2016-01-17 07:54:05
[append_row(Session ended)] Error: ''
Starting new session...
Humidity is: 29%
Temperature 1(mid) is: 25.0C
Temperature 2(up) is: 24.7C
Temperature 3(down) is: 25.0C
Temperature outside is: 24.5C
2016-01-17 08:09:22
[append_row(Session ended)] Error: ''
Starting new session...
Humidity is: 29%
Temperature 1(mid) is: 25.0C
Temperature 2(up) is: 24.8C
Temperature 3(down) is: 25.0C
Temperature outside is: 24.5C
2016-01-17 08:24:34
[append_row(Session ended)] Error: ''
Starting new session...
Humidity is: 28%
Temperature 1(mid) is: 25.0C
Temperature 2(up) is: 24.8C
Temperature 3(down) is: 25.0C
Temperature outside is: 24.5C
2016-01-17 08:39:48
[append_row(Session ended)] Error: ''
Starting new session...
Humidity is: 29%
Temperature 1(mid) is: 25.1C
Temperature 2(up) is: 24.8C
Temperature 3(down) is: 25.0C
Temperature outside is: 24.5C
2016-01-17 08:55:05
[append_row(Session ended)] Error: ''
Starting new session...
Humidity is: 29%
Temperature 1(mid) is: 25.1C
Temperature 2(up) is: 24.8C
Temperature 3(down) is: 25.0C
Temperature outside is: 24.6C
2016-01-17 09:10:21
[append_row(Session ended)] Error: ''
Starting new session...
Humidity is: 29%
Temperature 1(mid) is: 25.1C
Temperature 2(up) is: 24.8C
Temperature 3(down) is: 25.0C
Temperature outside is: 24.6C
2016-01-17 09:25:37
[append_row(Session ended)] Error: ''
Starting new session...
Humidity is: 30%
Temperature 1(mid) is: 25.2C
Temperature 2(up) is: 24.7C
Temperature 3(down) is: 25.0C
Temperature outside is: 24.4C
2016-01-17 09:40:50
[append_row(Session ended)] Error: ''
Starting new session...
Humidity is: 30%
Temperature 1(mid) is: 25.2C
Temperature 2(up) is: 24.6C
Temperature 3(down) is: 25.0C
Temperature outside is: 24.4C
2016-01-17 09:56:08
[append_row(Session ended)] Error: ''
Starting new session...
Humidity is: 26%
Temperature 1(mid) is: 24.7C
Temperature 2(up) is: 24.5C
Temperature 3(down) is: 25.0C
Temperature outside is: 24.3C
2016-01-17 10:11:21
[append_row(Session ended)] Error: ''
Starting new session...
Humidity is: 26%
Temperature 1(mid) is: 24.6C
Temperature 2(up) is: 24.4C
Temperature 3(down) is: 25.0C
Temperature outside is: 24.2C
2016-01-17 10:26:34
[append_row(Session ended)] Error: ''
Starting new session...
Humidity is: 27%
Temperature 1(mid) is: 24.6C
Temperature 2(up) is: 24.4C
Temperature 3(down) is: 24.5C
Temperature outside is: 24.2C
2016-01-17 10:41:55
[append_row(Session ended)] Error: ''
Starting new session...
Humidity is: 26%
Temperature 1(mid) is: 24.5C
Temperature 2(up) is: 24.4C
Temperature 3(down) is: 24.5C
Temperature outside is: 24.2C
2016-01-17 10:57:10
[append_row(Session ended)] Error: ''
Starting new session...
Humidity is: 27%
Temperature 1(mid) is: 24.4C
Temperature 2(up) is: 24.4C
Temperature 3(down) is: 24.5C
Temperature outside is: 24.2C
2016-01-17 11:12:25
[append_row(Session ended)] Error: ''
Starting new session...
Humidity is: 27%
Temperature 1(mid) is: 24.3C
Temperature 2(up) is: 24.3C
Temperature 3(down) is: 24.5C
Temperature outside is: 24.2C
2016-01-17 11:27:39
[append_row(Session ended)] Error: ''
Starting new session...
Humidity is: 26%
Temperature 1(mid) is: 24.3C
Temperature 2(up) is: 24.3C
Temperature 3(down) is: 24.5C
Temperature outside is: 24.2C
2016-01-17 11:42:54
[append_row(Session ended)] Error: ''
Starting new session...
Humidity is: 26%
Temperature 1(mid) is: 24.2C
Temperature 2(up) is: 24.2C
Temperature 3(down) is: 24.5C
Temperature outside is: 24.2C
2016-01-17 11:58:10
[append_row(Session ended)] Error: ''
Starting new session...
Humidity is: 26%
Temperature 1(mid) is: 24.2C
Temperature 2(up) is: 24.2C
Temperature 3(down) is: 24.5C
Temperature outside is: 24.2C
2016-01-17 12:13:23
[append_row(Session ended)] Error: ''
Starting new session...
Humidity is: 26%
Temperature 1(mid) is: 24.1C
Temperature 2(up) is: 24.2C
Temperature 3(down) is: 24.5C
Temperature outside is: 24.1C
2016-01-17 12:28:38
[append_row(Session ended)] Error: ''
Starting new session...
Humidity is: 26%
Temperature 1(mid) is: 24.1C
Temperature 2(up) is: 24.2C
Temperature 3(down) is: 24.5C
Temperature outside is: 24.1C
2016-01-17 12:43:53
[append_row(Session ended)] Error: ''
Starting new session...
Humidity is: 26%
Temperature 1(mid) is: 24.0C
Temperature 2(up) is: 24.2C
Temperature 3(down) is: 24.5C
Temperature outside is: 24.1C
2016-01-17 12:59:08
[append_row(Session ended)] Error: ''
Starting new session...
Humidity is: 25%
Temperature 1(mid) is: 24.0C
Temperature 2(up) is: 24.1C
Temperature 3(down) is: 24.5C
Temperature outside is: 24.0C
2016-01-17 13:14:22
[append_row(Session ended)] Error: ''
Starting new session...
Humidity is: 25%
Temperature 1(mid) is: 23.9C
Temperature 2(up) is: 24.1C
Temperature 3(down) is: 24.5C
Temperature outside is: 24.0C
2016-01-17 13:29:36
[append_row(Session ended)] Error: ''
Starting new session...
Humidity is: 25%
Temperature 1(mid) is: 23.9C
Temperature 2(up) is: 24.1C
Temperature 3(down) is: 24.0C
Temperature outside is: 23.9C
2016-01-17 13:44:50
[append_row(Session ended)] Error: ''
Starting new session...
Humidity is: 24%
Temperature 1(mid) is: 23.8C
Temperature 2(up) is: 24.0C
Temperature 3(down) is: 24.0C
Temperature outside is: 23.9C
2016-01-17 14:00:07
[append_row(Session ended)] Error: ''
Starting new session...
Humidity is: 24%
Temperature 1(mid) is: 23.7C
Temperature 2(up) is: 24.0C
Temperature 3(down) is: 24.0C
Temperature outside is: 23.9C
2016-01-17 14:15:22
[append_row(Session ended)] Error: ''
Starting new session...
Humidity is: 25%
Temperature 1(mid) is: 23.7C
Temperature 2(up) is: 23.9C
Temperature 3(down) is: 24.0C
Temperature outside is: 23.8C
2016-01-17 14:30:36
[append_row(Session ended)] Error: ''
Starting new session...
Humidity is: 24%
Temperature 1(mid) is: 23.7C
Temperature 2(up) is: 23.9C
Temperature 3(down) is: 24.0C
Temperature outside is: 23.8C
2016-01-17 14:45:51
[append_row(Session ended)] Error: ''
Starting new session...
Humidity is: 23%
Temperature 1(mid) is: 23.6C
Temperature 2(up) is: 23.9C
Temperature 3(down) is: 24.0C
Temperature outside is: 23.8C
2016-01-17 15:01:07
[append_row(Session ended)] Error: ''
Starting new session...
Humidity is: 23%
Temperature 1(mid) is: 23.6C
Temperature 2(up) is: 23.9C
Temperature 3(down) is: 24.0C
Temperature outside is: 23.8C
2016-01-17 15:16:22
[append_row(Session ended)] Error: ''
Starting new session...
Humidity is: 23%
Temperature 1(mid) is: 23.6C
Temperature 2(up) is: 23.9C
Temperature 3(down) is: 24.0C
Temperature outside is: 23.7C
2016-01-17 15:31:37
[append_row(Session ended)] Error: ''
Starting new session...
Humidity is: 22%
Temperature 1(mid) is: 23.5C
Temperature 2(up) is: 23.9C
Temperature 3(down) is: 24.0C
Temperature outside is: 23.7C
2016-01-17 15:46:53
[append_row(Session ended)] Error: ''
Starting new session...
Humidity is: 23%
Temperature 1(mid) is: 23.5C
Temperature 2(up) is: 23.8C
Temperature 3(down) is: 24.0C
Temperature outside is: 23.6C
2016-01-17 16:02:10
[append_row(Session ended)] Error: ''
Starting new session...
Humidity is: 22%
Temperature 1(mid) is: 23.5C
Temperature 2(up) is: 23.8C
Temperature 3(down) is: 24.0C
Temperature outside is: 23.6C
2016-01-17 16:17:26
[append_row(Session ended)] Error: ''
Starting new session...
Humidity is: 22%
Temperature 1(mid) is: 23.5C
Temperature 2(up) is: 23.8C
Temperature 3(down) is: 24.0C
Temperature outside is: 23.6C
2016-01-17 16:32:38
[append_row(Session ended)] Error: ''
Starting new session...
Humidity is: 22%
Temperature 1(mid) is: 23.5C
Temperature 2(up) is: 23.8C
Temperature 3(down) is: 24.0C
Temperature outside is: 23.6C
2016-01-17 16:47:52
[append_row(Session ended)] Error: ''
Starting new session...
Humidity is: 22%
Temperature 1(mid) is: 23.4C
Temperature 2(up) is: 23.8C
Temperature 3(down) is: 24.0C
Temperature outside is: 23.6C
2016-01-17 17:03:09
[append_row(Session ended)] Error: ''
Starting new session...
Humidity is: 21%
Temperature 1(mid) is: 23.4C
Temperature 2(up) is: 23.8C
Temperature 3(down) is: 24.0C
Temperature outside is: 23.6C
2016-01-17 17:18:25
[append_row(Session ended)] Error: ''
Starting new session...
Humidity is: 21%
Temperature 1(mid) is: 23.4C
Temperature 2(up) is: 23.7C
Temperature 3(down) is: 24.0C
Temperature outside is: 23.6C
2016-01-17 17:33:41
[append_row(Session ended)] Error: ''
Starting new session...
Humidity is: 21%
Temperature 1(mid) is: 23.4C
Temperature 2(up) is: 23.7C
Temperature 3(down) is: 24.0C
Temperature outside is: 23.6C
2016-01-17 17:48:54
[append_row(Session ended)] Error: ''
Starting new session...
Humidity is: 21%
Temperature 1(mid) is: 23.4C
Temperature 2(up) is: 23.7C
Temperature 3(down) is: 24.0C
Temperature outside is: 23.6C
2016-01-17 18:04:08
[append_row(Session ended)] Error: ''
Starting new session...
Humidity is: 22%
Temperature 1(mid) is: 23.4C
Temperature 2(up) is: 23.7C
Temperature 3(down) is: 24.0C
Temperature outside is: 23.8C
2016-01-17 18:19:22
[append_row(Session ended)] Error: ''
Starting new session...
Humidity is: 22%
Temperature 1(mid) is: 23.5C
Temperature 2(up) is: 23.7C
Temperature 3(down) is: 24.0C
Temperature outside is: 23.8C
2016-01-17 18:34:37
[append_row(Session ended)] Error: ''
Starting new session...
Humidity is: 23%
Temperature 1(mid) is: 23.6C
Temperature 2(up) is: 23.7C
Temperature 3(down) is: 24.0C
Temperature outside is: 23.8C
2016-01-17 18:49:52
[append_row(Session ended)] Error: ''
Starting new session...
Humidity is: 23%
Temperature 1(mid) is: 23.6C
Temperature 2(up) is: 23.8C
Temperature 3(down) is: 24.0C
Temperature outside is: 23.8C
2016-01-17 19:05:07
[append_row(Session ended)] Error: ''
Starting new session...
Humidity is: 24%
Temperature 1(mid) is: 23.6C
Temperature 2(up) is: 23.8C
Temperature 3(down) is: 24.0C
Temperature outside is: 23.8C
2016-01-17 19:20:20
[append_row(Session ended)] Error: ''
Starting new session...
Humidity is: 25%
Temperature 1(mid) is: 23.7C
Temperature 2(up) is: 23.8C
Temperature 3(down) is: 24.0C
Temperature outside is: 23.8C
2016-01-17 19:35:36
[append_row(Session ended)] Error: ''
Starting new session...
Humidity is: 25%
Temperature 1(mid) is: 23.7C
Temperature 2(up) is: 23.8C
Temperature 3(down) is: 24.0C
Temperature outside is: 23.8C
2016-01-17 19:50:49
[append_row(Session ended)] Error: ''
Starting new session...
Humidity is: 26%
Temperature 1(mid) is: 23.7C
Temperature 2(up) is: 23.8C
Temperature 3(down) is: 24.0C
Temperature outside is: 23.9C
2016-01-17 20:06:03
[append_row(Session ended)] Error: ''
Starting new session...
Humidity is: 25%
Temperature 1(mid) is: 23.8C
Temperature 2(up) is: 23.8C
Temperature 3(down) is: 24.0C
Temperature outside is: 23.9C
2016-01-17 20:21:16
[append_row(Session ended)] Error: ''
Starting new session...
Humidity is: 33%
Temperature 1(mid) is: 23.7C
Temperature 2(up) is: 23.8C
Temperature 3(down) is: 24.0C
Temperature outside is: 23.9C
2016-01-17 20:36:33
[append_row(Session ended)] Error: ''
Starting new session...
Humidity is: 29%
Temperature 1(mid) is: 23.7C
Temperature 2(up) is: 23.8C
Temperature 3(down) is: 24.0C
Temperature outside is: 23.9C
2016-01-17 20:51:46
[append_row(Session ended)] Error: ''
Starting new session...
Humidity is: 37%
Temperature 1(mid) is: 23.7C
Temperature 2(up) is: 23.8C
Temperature 3(down) is: 24.0C
Temperature outside is: 23.9C
2016-01-17 21:07:02
[append_row(Session ended)] Error: ''
Starting new session...
Humidity is: 33%
Temperature 1(mid) is: 23.7C
Temperature 2(up) is: 23.8C
Temperature 3(down) is: 24.0C
Temperature outside is: 23.9C
2016-01-17 21:22:19
[append_row(Session ended)] Error: ''
Starting new session...
Humidity is: 32%
Temperature 1(mid) is: 23.7C
Temperature 2(up) is: 23.8C
Temperature 3(down) is: 24.0C
Temperature outside is: 23.9C
2016-01-17 21:37:34
[append_row(Session ended)] Error: ''
Starting new session...
Humidity is: 31%
Temperature 1(mid) is: 23.7C
Temperature 2(up) is: 23.8C
Temperature 3(down) is: 24.0C
Temperature outside is: 23.9C
2016-01-17 21:52:48
[append_row(Session ended)] Error: ''
Starting new session...
Humidity is: 30%
Temperature 1(mid) is: 23.7C
Temperature 2(up) is: 23.8C
Temperature 3(down) is: 24.0C
Temperature outside is: 23.9C
2016-01-17 22:08:02
[append_row(Session ended)] Error: ''
Starting new session...
Humidity is: 30%
Temperature 1(mid) is: 23.6C
Temperature 2(up) is: 23.8C
Temperature 3(down) is: 24.0C
Temperature outside is: 23.9C
2016-01-17 22:23:18
[append_row(Session ended)] Error: ''
Starting new session...
Humidity is: 30%
Temperature 1(mid) is: 23.7C
Temperature 2(up) is: 23.8C
Temperature 3(down) is: 24.0C
Temperature outside is: 23.9C
2016-01-17 22:38:31
[append_row(Session ended)] Error: ''
Starting new session...
Humidity is: 30%
Temperature 1(mid) is: 23.6C
Temperature 2(up) is: 23.9C
Temperature 3(down) is: 24.0C
Temperature outside is: 24.0C
2016-01-17 22:53:45
[append_row(Session ended)] Error: ''
Starting new session...
Humidity is: 30%
Temperature 1(mid) is: 23.6C
Temperature 2(up) is: 24.0C
Temperature 3(down) is: 24.0C
Temperature outside is: 24.1C
2016-01-17 23:09:00
[append_row(Session ended)] Error: ''
Starting new session...
Humidity is: 29%
Temperature 1(mid) is: 24.3C
Temperature 2(up) is: 24.1C
Temperature 3(down) is: 24.0C
Temperature outside is: 24.1C
2016-01-17 23:24:13
[append_row(Session ended)] Error: ''
Starting new session...
Humidity is: 28%
Temperature 1(mid) is: 24.6C
Temperature 2(up) is: 24.2C
Temperature 3(down) is: 24.5C
Temperature outside is: 24.3C
2016-01-17 23:39:28
[append_row(Session ended)] Error: ''
Starting new session...
Humidity is: 28%
Temperature 1(mid) is: 24.8C
Temperature 2(up) is: 24.2C
Temperature 3(down) is: 24.5C
Temperature outside is: 24.3C
2016-01-17 23:54:40
[append_row(Session ended)] Error: ''
Starting new session...
Humidity is: 28%
Temperature 1(mid) is: 25.0C
Temperature 2(up) is: 24.2C
Temperature 3(down) is: 24.5C
Temperature outside is: 24.3C
2016-01-18 00:09:54
[append_row(Session ended)] Error: ''
Starting new session...
Humidity is: 28%
Temperature 1(mid) is: 24.9C
Temperature 2(up) is: 24.3C
Temperature 3(down) is: 24.5C
Temperature outside is: 24.5C
2016-01-18 00:25:09
[append_row(Session ended)] Error: ''
Starting new session...
Humidity is: 28%
Temperature 1(mid) is: 25.0C
Temperature 2(up) is: 24.4C
Temperature 3(down) is: 24.5C
Temperature outside is: 24.5C
2016-01-18 00:40:23
[append_row(Session ended)] Error: ''
Starting new session...
Humidity is: 28%
Temperature 1(mid) is: 25.1C
Temperature 2(up) is: 24.4C
Temperature 3(down) is: 24.5C
Temperature outside is: 24.5C
2016-01-18 00:55:39
[append_row(Session ended)] Error: ''
Starting new session...
Humidity is: 28%
Temperature 1(mid) is: 25.0C
Temperature 2(up) is: 24.4C
Temperature 3(down) is: 24.5C
Temperature outside is: 24.5C
2016-01-18 01:10:56
[append_row(Session ended)] Error: ''
Starting new session...
Humidity is: 28%
Temperature 1(mid) is: 25.0C
Temperature 2(up) is: 24.4C
Temperature 3(down) is: 24.5C
Temperature outside is: 24.5C
2016-01-18 01:26:11
[append_row(Session ended)] Error: ''
Starting new session...
Humidity is: 28%
Temperature 1(mid) is: 24.9C
Temperature 2(up) is: 24.4C
Temperature 3(down) is: 24.5C
Temperature outside is: 24.5C
2016-01-18 01:41:24
[append_row(Session ended)] Error: ''
Starting new session...
Humidity is: 28%
Temperature 1(mid) is: 24.9C
Temperature 2(up) is: 24.4C
Temperature 3(down) is: 24.5C
Temperature outside is: 24.5C
2016-01-18 01:56:36
[append_row(Session ended)] Error: ''
Starting new session...
Humidity is: 28%
Temperature 1(mid) is: 24.8C
Temperature 2(up) is: 24.4C
Temperature 3(down) is: 24.5C
Temperature outside is: 24.5C
2016-01-18 02:11:57
[append_row(Session ended)] Error: ''
Starting new session...
Humidity is: 28%
Temperature 1(mid) is: 24.8C
Temperature 2(up) is: 24.4C
Temperature 3(down) is: 24.5C
Temperature outside is: 24.4C
2016-01-18 02:27:10
[append_row(Session ended)] Error: ''
Starting new session...
Humidity is: 28%
Temperature 1(mid) is: 24.8C
Temperature 2(up) is: 24.4C
Temperature 3(down) is: 24.5C
Temperature outside is: 24.5C
2016-01-18 02:42:24
[append_row(Session ended)] Error: ''
Starting new session...
Humidity is: 28%
Temperature 1(mid) is: 24.8C
Temperature 2(up) is: 24.4C
Temperature 3(down) is: 24.5C
Temperature outside is: 24.5C
2016-01-18 02:57:38
[append_row(Session ended)] Error: ''
Starting new session...
Humidity is: 28%
Temperature 1(mid) is: 24.8C
Temperature 2(up) is: 24.4C
Temperature 3(down) is: 24.5C
Temperature outside is: 24.4C
2016-01-18 03:12:51
[append_row(Session ended)] Error: ''
Starting new session...
Humidity is: 28%
Temperature 1(mid) is: 24.8C
Temperature 2(up) is: 24.4C
Temperature 3(down) is: 24.5C
Temperature outside is: 24.4C
2016-01-18 03:28:05
[append_row(Session ended)] Error: ''
Starting new session...
Humidity is: 28%
Temperature 1(mid) is: 24.8C
Temperature 2(up) is: 24.4C
Temperature 3(down) is: 24.5C
Temperature outside is: 24.4C
2016-01-18 03:43:25
[append_row(Session ended)] Error: ''
Starting new session...
Humidity is: 28%
Temperature 1(mid) is: 24.7C
Temperature 2(up) is: 24.5C
Temperature 3(down) is: 24.5C
Temperature outside is: 24.5C
2016-01-18 03:58:41
[append_row(Session ended)] Error: ''
Starting new session...
Humidity is: 28%
Temperature 1(mid) is: 24.7C
Temperature 2(up) is: 24.5C
Temperature 3(down) is: 24.5C
Temperature outside is: 24.5C
2016-01-18 04:13:55
[append_row(Session ended)] Error: ''
Starting new session...
Humidity is: 28%
Temperature 1(mid) is: 24.8C
Temperature 2(up) is: 24.5C
Temperature 3(down) is: 24.5C
Temperature outside is: 24.4C
2016-01-18 04:29:11
[append_row(Session ended)] Error: ''
Starting new session...
Humidity is: 28%
Temperature 1(mid) is: 24.8C
Temperature 2(up) is: 24.5C
Temperature 3(down) is: 24.5C
Temperature outside is: 24.4C
2016-01-18 04:44:27
[append_row(Session ended)] Error: ''
Starting new session...
Humidity is: 28%
Temperature 1(mid) is: 24.7C
Temperature 2(up) is: 24.5C
Temperature 3(down) is: 24.5C
Temperature outside is: 24.4C
2016-01-18 04:59:41
[append_row(Session ended)] Error: ''
Starting new session...
Humidity is: 28%
Temperature 1(mid) is: 24.8C
Temperature 2(up) is: 24.5C
Temperature 3(down) is: 24.5C
Temperature outside is: 24.4C
2016-01-18 05:14:55
[append_row(Session ended)] Error: ''
Starting new session...
Humidity is: 28%
Temperature 1(mid) is: 24.8C
Temperature 2(up) is: 24.5C
Temperature 3(down) is: 24.5C
Temperature outside is: 24.4C
2016-01-18 05:30:11
[append_row(Session ended)] Error: ''
Starting new session...
Humidity is: 28%
Temperature 1(mid) is: 24.8C
Temperature 2(up) is: 24.5C
Temperature 3(down) is: 24.5C
Temperature outside is: 24.5C
2016-01-18 05:45:31
[append_row(Session ended)] Error: ''
Starting new session...
Humidity is: 28%
Temperature 1(mid) is: 24.8C
Temperature 2(up) is: 24.5C
Temperature 3(down) is: 24.5C
Temperature outside is: 24.4C
2016-01-18 06:00:47
[append_row(Session ended)] Error: ''
Starting new session...
Humidity is: 28%
Temperature 1(mid) is: 24.8C
Temperature 2(up) is: 24.5C
Temperature 3(down) is: 24.5C
Temperature outside is: 24.5C
2016-01-18 06:16:02
[append_row(Session ended)] Error: ''
Starting new session...
Humidity is: 28%
Temperature 1(mid) is: 24.8C
Temperature 2(up) is: 24.4C
Temperature 3(down) is: 24.5C
Temperature outside is: 24.4C
2016-01-18 06:31:15
[append_row(Session ended)] Error: ''
Starting new session...
Humidity is: 28%
Temperature 1(mid) is: 24.7C
Temperature 2(up) is: 24.5C
Temperature 3(down) is: 24.5C
Temperature outside is: 24.5C
2016-01-18 06:46:29
[append_row(Session ended)] Error: ''
Starting new session...
Humidity is: 28%
Temperature 1(mid) is: 24.7C
Temperature 2(up) is: 24.6C
Temperature 3(down) is: 24.5C
Temperature outside is: 24.5C
2016-01-18 07:01:43
[append_row(Session ended)] Error: ''
Starting new session...
Humidity is: 28%
Temperature 1(mid) is: 24.8C
Temperature 2(up) is: 24.5C
Temperature 3(down) is: 24.5C
Temperature outside is: 24.5C
2016-01-18 07:16:57
[append_row(Session ended)] Error: ''
Starting new session...
Humidity is: 28%
Temperature 1(mid) is: 24.8C
Temperature 2(up) is: 24.5C
Temperature 3(down) is: 24.5C
Temperature outside is: 24.5C
2016-01-18 07:32:10
[append_row(Session ended)] Error: ''
Starting new session...
Humidity is: 28%
Temperature 1(mid) is: 24.8C
Temperature 2(up) is: 24.5C
Temperature 3(down) is: 24.5C
Temperature outside is: 24.5C
2016-01-18 07:47:24
[append_row(Session ended)] Error: ''
Starting new session...
Humidity is: 28%
Temperature 1(mid) is: 24.8C
Temperature 2(up) is: 24.6C
Temperature 3(down) is: 25.0C
Temperature outside is: 24.5C
2016-01-18 08:03:45
[append_row(Session ended)] Error: ''
Starting new session...
Humidity is: 28%
Temperature 1(mid) is: 24.9C
Temperature 2(up) is: 24.6C
Temperature 3(down) is: 25.0C
Temperature outside is: 24.5C
2016-01-18 08:18:59
[append_row(Session ended)] Error: ''
Starting new session...
Humidity is: 29%
Temperature 1(mid) is: 24.9C
Temperature 2(up) is: 24.6C
Temperature 3(down) is: 25.0C
Temperature outside is: 24.4C
2016-01-18 08:34:11
[append_row(Session ended)] Error: ''
Starting new session...
Humidity is: 28%
Temperature 1(mid) is: 24.9C
Temperature 2(up) is: 24.0C
Temperature 3(down) is: 24.0C
Temperature outside is: 20.9C
2016-01-18 08:49:25
[append_row(Session ended)] Error: ''
Starting new session...
Humidity is: 29%
Temperature 1(mid) is: 24.9C
Temperature 2(up) is: 23.9C
Temperature 3(down) is: 24.0C
Temperature outside is: 20.9C
2016-01-18 09:04:38
[append_row(Session ended)] Error: ''
Starting new session...
Humidity is: 22%
Temperature 1(mid) is: 21.3C
Temperature 2(up) is: 24.0C
Temperature 3(down) is: 24.0C
Temperature outside is: 23.2C
2016-01-18 09:19:55
[append_row(Session ended)] Error: ''
Starting new session...
Humidity is: 26%
Temperature 1(mid) is: 22.9C
Temperature 2(up) is: 24.0C
Temperature 3(down) is: 24.5C
Temperature outside is: 23.6C
2016-01-18 09:35:08
[append_row(Session ended)] Error: ''
Starting new session...
Humidity is: 26%
Temperature 1(mid) is: 23.7C
Temperature 2(up) is: 24.1C
Temperature 3(down) is: 24.5C
Temperature outside is: 23.8C
2016-01-18 09:50:22
[append_row(Session ended)] Error: ''
Starting new session...
Humidity is: 26%
Temperature 1(mid) is: 24.0C
Temperature 2(up) is: 24.1C
Temperature 3(down) is: 24.5C
Temperature outside is: 23.9C
2016-01-18 10:05:35
[append_row(Session ended)] Error: ''
Starting new session...
Humidity is: 26%
Temperature 1(mid) is: 24.0C
Temperature 2(up) is: 24.1C
Temperature 3(down) is: 24.5C
Temperature outside is: 23.9C
2016-01-18 10:20:51
[append_row(Session ended)] Error: ''
Starting new session...
Humidity is: 26%
Temperature 1(mid) is: 24.3C
Temperature 2(up) is: 24.1C
Temperature 3(down) is: 24.5C
Temperature outside is: 23.9C
2016-01-18 10:36:07
[append_row(Session ended)] Error: ''
Starting new session...
Humidity is: 27%
Temperature 1(mid) is: 24.2C
Temperature 2(up) is: 24.1C
Temperature 3(down) is: 24.5C
Temperature outside is: 23.9C
2016-01-18 10:51:22
[append_row(Session ended)] Error: ''
Starting new session...
Humidity is: 26%
Temperature 1(mid) is: 24.3C
Temperature 2(up) is: 24.1C
Temperature 3(down) is: 24.5C
Temperature outside is: 23.9C
2016-01-18 11:06:40
[append_row(Session ended)] Error: ''
Starting new session...
Humidity is: 26%
Temperature 1(mid) is: 24.3C
Temperature 2(up) is: 24.1C
Temperature 3(down) is: 24.5C
Temperature outside is: 23.9C
2016-01-18 11:21:58
[append_row(Session ended)] Error: ''
Starting new session...
Humidity is: 26%
Temperature 1(mid) is: 24.3C
Temperature 2(up) is: 24.1C
Temperature 3(down) is: 24.5C
Temperature outside is: 23.9C
2016-01-18 11:37:14
[append_row(Session ended)] Error: ''
Starting new session...
Humidity is: 27%
Temperature 1(mid) is: 24.4C
Temperature 2(up) is: 24.1C
Temperature 3(down) is: 24.5C
Temperature outside is: 23.9C
2016-01-18 11:52:26
[append_row(Session ended)] Error: ''
Starting new session...
Humidity is: 27%
Temperature 1(mid) is: 24.4C
Temperature 2(up) is: 24.1C
Temperature 3(down) is: 24.5C
Temperature outside is: 23.9C
2016-01-18 12:07:46
[append_row(Session ended)] Error: ''
Starting new session...
Humidity is: 26%
Temperature 1(mid) is: 24.4C
Temperature 2(up) is: 24.1C
Temperature 3(down) is: 24.5C
Temperature outside is: 23.9C
2016-01-18 12:23:02
[append_row(Session ended)] Error: ''
Starting new session...
Humidity is: 27%
Temperature 1(mid) is: 24.3C
Temperature 2(up) is: 24.1C
Temperature 3(down) is: 24.5C
Temperature outside is: 23.9C
2016-01-18 12:38:15
[append_row(Session ended)] Error: ''
Starting new session...
Humidity is: 27%
Temperature 1(mid) is: 24.4C
Temperature 2(up) is: 24.1C
Temperature 3(down) is: 24.5C
Temperature outside is: 23.9C
2016-01-18 12:53:36
[append_row(Session ended)] Error: ''
Starting new session...
Humidity is: 27%
Temperature 1(mid) is: 24.4C
Temperature 2(up) is: 24.1C
Temperature 3(down) is: 24.5C
Temperature outside is: 23.9C
2016-01-18 13:08:50
[append_row(Session ended)] Error: ''
Starting new session...
Humidity is: 27%
Temperature 1(mid) is: 24.4C
Temperature 2(up) is: 24.1C
Temperature 3(down) is: 24.5C
Temperature outside is: 23.9C
2016-01-18 13:24:05
[append_row(Session ended)] Error: ''
Starting new session...
Humidity is: 27%
Temperature 1(mid) is: 24.3C
Temperature 2(up) is: 24.0C
Temperature 3(down) is: 24.5C
Temperature outside is: 23.9C
2016-01-18 13:39:20
[append_row(Session ended)] Error: ''
Starting new session...
Humidity is: 27%
Temperature 1(mid) is: 24.2C
Temperature 2(up) is: 24.0C
Temperature 3(down) is: 24.5C
Temperature outside is: 23.9C
2016-01-18 13:54:34
[append_row(Session ended)] Error: ''
Starting new session...
Humidity is: 27%
Temperature 1(mid) is: 24.3C
Temperature 2(up) is: 24.0C
Temperature 3(down) is: 24.5C
Temperature outside is: 23.9C
2016-01-18 14:09:49
[append_row(Session ended)] Error: ''
Starting new session...
Humidity is: 27%
Temperature 1(mid) is: 24.2C
Temperature 2(up) is: 24.0C
Temperature 3(down) is: 24.5C
Temperature outside is: 23.9C
2016-01-18 14:25:09
[append_row(Session ended)] Error: ''
Starting new session...
Humidity is: 28%
Temperature 1(mid) is: 24.3C
Temperature 2(up) is: 24.0C
Temperature 3(down) is: 24.0C
Temperature outside is: 23.9C
2016-01-18 14:40:25
[append_row(Session ended)] Error: ''
Starting new session...
Humidity is: 27%
Temperature 1(mid) is: 24.3C
Temperature 2(up) is: 24.0C
Temperature 3(down) is: 24.0C
Temperature outside is: 23.9C
2016-01-18 14:55:42
[append_row(Session ended)] Error: ''
Starting new session...
Humidity is: 27%
Temperature 1(mid) is: 24.2C
Temperature 2(up) is: 24.1C
Temperature 3(down) is: 24.5C
Temperature outside is: 23.9C
2016-01-18 15:10:59
[append_row(Session ended)] Error: ''
Starting new session...
Humidity is: 27%
Temperature 1(mid) is: 24.5C
Temperature 2(up) is: 24.1C
Temperature 3(down) is: 24.5C
Temperature outside is: 24.0C
2016-01-18 15:26:17
[append_row(Session ended)] Error: ''
Starting new session...
Humidity is: 26%
Temperature 1(mid) is: 24.7C
Temperature 2(up) is: 24.0C
Temperature 3(down) is: 24.0C
Temperature outside is: 24.0C
2016-01-18 15:41:32
[append_row(Session ended)] Error: ''
Starting new session...
Humidity is: 26%
Temperature 1(mid) is: 24.7C
Temperature 2(up) is: 23.3C
Temperature 3(down) is: 23.5C
Temperature outside is: 24.0C
2016-01-18 15:56:46
[append_row(Session ended)] Error: ''
Starting new session...
Humidity is: 22%
Temperature 1(mid) is: 22.9C
Temperature 2(up) is: 23.6C
Temperature 3(down) is: 23.5C
Temperature outside is: 24.0C
2016-01-18 16:12:00
[append_row(Session ended)] Error: ''
Starting new session...
Humidity is: 20%
Temperature 1(mid) is: 21.0C
Temperature 2(up) is: 23.8C
Temperature 3(down) is: 24.0C
Temperature outside is: 24.0C
2016-01-18 16:27:19
[append_row(Session ended)] Error: ''
Starting new session...
Humidity is: 25%
Temperature 1(mid) is: 23.4C
Temperature 2(up) is: 23.9C
Temperature 3(down) is: 24.0C
Temperature outside is: 23.6C
2016-01-18 16:42:36
[append_row(Session ended)] Error: ''
Starting new session...
Humidity is: 26%
Temperature 1(mid) is: 24.2C
Temperature 2(up) is: 24.0C
Temperature 3(down) is: 24.0C
Temperature outside is: 23.8C
2016-01-18 16:57:50
[append_row(Session ended)] Error: ''
Starting new session...
Humidity is: 26%
Temperature 1(mid) is: 24.5C
Temperature 2(up) is: 24.1C
Temperature 3(down) is: 24.0C
Temperature outside is: 23.8C
2016-01-18 17:13:02
[append_row(Session ended)] Error: ''
Starting new session...
Humidity is: 26%
Temperature 1(mid) is: 24.7C
Temperature 2(up) is: 24.1C
Temperature 3(down) is: 24.0C
Temperature outside is: 23.8C
2016-01-18 17:28:25
[append_row(Session ended)] Error: ''
Starting new session...
Humidity is: 27%
Temperature 1(mid) is: 24.8C
Temperature 2(up) is: 24.1C
Temperature 3(down) is: 24.0C
Temperature outside is: 24.1C
2016-01-18 17:43:48
[append_row(Session ended)] Error: ''
Starting new session...
Humidity is: 27%
Temperature 1(mid) is: 24.9C
Temperature 2(up) is: 24.3C
Temperature 3(down) is: 24.5C
Temperature outside is: 24.1C
2016-01-18 17:59:19
[append_row(Session ended)] Error: ''
Starting new session...
Humidity is: 27%
Temperature 1(mid) is: 25.0C
Temperature 2(up) is: 24.4C
Temperature 3(down) is: 24.5C
Temperature outside is: 24.1C
2016-01-18 18:14:50
[append_row(Session ended)] Error: ''
Starting new session...
Humidity is: 27%
Temperature 1(mid) is: 25.2C
Temperature 2(up) is: 24.4C
Temperature 3(down) is: 24.5C
Temperature outside is: 24.1C
2016-01-18 18:30:30
[append_row(Session ended)] Error: ''
Starting new session...
Humidity is: 27%
Temperature 1(mid) is: 25.2C
Temperature 2(up) is: 24.4C
Temperature 3(down) is: 24.5C
Temperature outside is: 24.2C
2016-01-18 18:45:45
[append_row(Session ended)] Error: ''
Starting new session...
Humidity is: 28%
Temperature 1(mid) is: 24.9C
Temperature 2(up) is: 24.4C
Temperature 3(down) is: 24.5C
Temperature outside is: 24.2C
2016-01-18 19:00:58
[append_row(Session ended)] Error: ''
Starting new session...
Humidity is: 27%
Temperature 1(mid) is: 25.2C
Temperature 2(up) is: 24.4C
Temperature 3(down) is: 24.5C
Temperature outside is: 24.3C
2016-01-18 19:16:13
[append_row(Session ended)] Error: ''
Starting new session...
Humidity is: 27%
Temperature 1(mid) is: 25.3C
Temperature 2(up) is: 24.4C
Temperature 3(down) is: 24.5C
Temperature outside is: 24.3C
2016-01-18 19:31:29
[append_row(Session ended)] Error: ''
Starting new session...
Humidity is: 28%
Temperature 1(mid) is: 25.1C
Temperature 2(up) is: 24.4C
Temperature 3(down) is: 24.5C
Temperature outside is: 24.3C
2016-01-18 19:46:44
[append_row(Session ended)] Error: ''
Starting new session...
Humidity is: 28%
Temperature 1(mid) is: 25.1C
Temperature 2(up) is: 24.4C
Temperature 3(down) is: 24.5C
Temperature outside is: 24.3C
2016-01-18 20:02:01
[append_row(Session ended)] Error: ''
Starting new session...
Humidity is: 28%
Temperature 1(mid) is: 25.1C
Temperature 2(up) is: 23.9C
Temperature 3(down) is: 24.0C
Temperature outside is: 24.3C
2016-01-18 20:17:18
[append_row(Session ended)] Error: ''
Starting new session...
Humidity is: 28%
Temperature 1(mid) is: 25.4C
Temperature 2(up) is: 23.9C
Temperature 3(down) is: 24.0C
Temperature outside is: 24.3C
2016-01-18 20:32:32
[append_row(Session ended)] Error: ''
Starting new session...
Humidity is: 21%
Temperature 1(mid) is: 21.4C
Temperature 2(up) is: 24.0C
Temperature 3(down) is: 24.0C
Temperature outside is: 23.4C
2016-01-18 20:47:45
[append_row(Session ended)] Error: ''
Starting new session...
Humidity is: 24%
Temperature 1(mid) is: 23.7C
Temperature 2(up) is: 24.2C
Temperature 3(down) is: 24.0C
Temperature outside is: 23.8C
2016-01-18 21:03:02
[append_row(Session ended)] Error: ''
Starting new session...
Humidity is: 24%
Temperature 1(mid) is: 24.5C
Temperature 2(up) is: 24.2C
Temperature 3(down) is: 24.5C
Temperature outside is: 23.9C
2016-01-18 21:18:14
[append_row(Session ended)] Error: ''
Starting new session...
Humidity is: 25%
Temperature 1(mid) is: 24.8C
Temperature 2(up) is: 24.3C
Temperature 3(down) is: 24.5C
Temperature outside is: 24.1C
2016-01-18 21:33:29
[append_row(Session ended)] Error: ''
Starting new session...
Humidity is: 25%
Temperature 1(mid) is: 25.0C
Temperature 2(up) is: 24.4C
Temperature 3(down) is: 24.5C
Temperature outside is: 24.2C
2016-01-18 21:48:44
[append_row(Session ended)] Error: ''
Starting new session...
Humidity is: 25%
Temperature 1(mid) is: 25.1C
Temperature 2(up) is: 24.4C
Temperature 3(down) is: 24.5C
Temperature outside is: 24.2C
2016-01-18 22:03:57
[append_row(Session ended)] Error: ''
Starting new session...
Humidity is: 26%
Temperature 1(mid) is: 25.2C
Temperature 2(up) is: 24.5C
Temperature 3(down) is: 24.5C
Temperature outside is: 24.3C
2016-01-18 22:19:14
[append_row(Session ended)] Error: ''
Starting new session...
Humidity is: 26%
Temperature 1(mid) is: 25.3C
Temperature 2(up) is: 24.6C
Temperature 3(down) is: 24.5C
Temperature outside is: 24.3C
2016-01-18 22:34:27
[append_row(Session ended)] Error: ''
Starting new session...
Humidity is: 26%
Temperature 1(mid) is: 25.4C
Temperature 2(up) is: 24.6C
Temperature 3(down) is: 24.5C
Temperature outside is: 24.3C
2016-01-18 22:49:43
[append_row(Session ended)] Error: ''
Starting new session...
Humidity is: 26%
Temperature 1(mid) is: 25.4C
Temperature 2(up) is: 24.6C
Temperature 3(down) is: 24.5C
Temperature outside is: 24.3C
2016-01-18 23:04:56
[append_row(Session ended)] Error: ''
Starting new session...
Humidity is: 26%
Temperature 1(mid) is: 25.5C
Temperature 2(up) is: 24.6C
Temperature 3(down) is: 24.5C
Temperature outside is: 24.4C
2016-01-18 23:20:08
[append_row(Session ended)] Error: ''
Starting new session...
Humidity is: 27%
Temperature 1(mid) is: 25.5C
Temperature 2(up) is: 24.6C
Temperature 3(down) is: 24.5C
Temperature outside is: 24.4C
2016-01-18 23:35:21
[append_row(Session ended)] Error: ''
Starting new session...
Humidity is: 27%
Temperature 1(mid) is: 25.5C
Temperature 2(up) is: 24.6C
Temperature 3(down) is: 24.5C
Temperature outside is: 24.4C
2016-01-18 23:50:36
[append_row(Session ended)] Error: ''
Starting new session...
Humidity is: 27%
Temperature 1(mid) is: 25.5C
Temperature 2(up) is: 24.6C
Temperature 3(down) is: 24.5C
Temperature outside is: 24.4C
2016-01-19 00:05:49
[append_row(Session ended)] Error: ''
Starting new session...
Humidity is: 27%
Temperature 1(mid) is: 25.4C
Temperature 2(up) is: 24.6C
Temperature 3(down) is: 24.5C
Temperature outside is: 24.4C
2016-01-19 00:21:05
[append_row(Session ended)] Error: ''
Starting new session...
Humidity is: 28%
Temperature 1(mid) is: 25.3C
Temperature 2(up) is: 24.6C
Temperature 3(down) is: 24.5C
Temperature outside is: 24.4C
2016-01-19 00:36:20
[append_row(Session ended)] Error: ''
Starting new session...
Humidity is: 27%
Temperature 1(mid) is: 25.2C
Temperature 2(up) is: 24.6C
Temperature 3(down) is: 24.5C
Temperature outside is: 24.4C
2016-01-19 00:51:33
[append_row(Session ended)] Error: ''
Starting new session...
Humidity is: 27%
Temperature 1(mid) is: 25.1C
Temperature 2(up) is: 24.6C
Temperature 3(down) is: 24.5C
Temperature outside is: 24.4C
2016-01-19 01:06:46
[append_row(Session ended)] Error: ''
Starting new session...
Humidity is: 28%
Temperature 1(mid) is: 25.1C
Temperature 2(up) is: 24.7C
Temperature 3(down) is: 25.0C
Temperature outside is: 24.4C
2016-01-19 01:21:59
[append_row(Session ended)] Error: ''
Starting new session...
Humidity is: 28%
Temperature 1(mid) is: 25.1C
Temperature 2(up) is: 24.7C
Temperature 3(down) is: 24.5C
Temperature outside is: 24.4C
2016-01-19 01:37:15
[append_row(Session ended)] Error: ''
Starting new session...
Humidity is: 28%
Temperature 1(mid) is: 25.0C
Temperature 2(up) is: 24.7C
Temperature 3(down) is: 25.0C
Temperature outside is: 24.4C
2016-01-19 01:52:28
[append_row(Session ended)] Error: ''
Starting new session...
Humidity is: 28%
Temperature 1(mid) is: 25.0C
Temperature 2(up) is: 24.7C
Temperature 3(down) is: 25.0C
Temperature outside is: 24.4C
2016-01-19 02:07:41
[append_row(Session ended)] Error: ''
Starting new session...
Humidity is: 28%
Temperature 1(mid) is: 25.0C
Temperature 2(up) is: 24.7C
Temperature 3(down) is: 25.0C
Temperature outside is: 24.4C
2016-01-19 02:22:56
[append_row(Session ended)] Error: ''
Starting new session...
Humidity is: 27%
Temperature 1(mid) is: 25.0C
Temperature 2(up) is: 24.7C
Temperature 3(down) is: 25.0C
Temperature outside is: 24.4C
2016-01-19 02:38:10
[append_row(Session ended)] Error: ''
Starting new session...
Humidity is: 27%
Temperature 1(mid) is: 25.0C
Temperature 2(up) is: 24.7C
Temperature 3(down) is: 25.0C
Temperature outside is: 24.4C
2016-01-19 02:53:25
[append_row(Session ended)] Error: ''
Starting new session...
Humidity is: 28%
Temperature 1(mid) is: 24.9C
Temperature 2(up) is: 24.7C
Temperature 3(down) is: 25.0C
Temperature outside is: 24.4C
2016-01-19 03:08:38
[append_row(Session ended)] Error: ''
Starting new session...
Humidity is: 28%
Temperature 1(mid) is: 25.0C
Temperature 2(up) is: 24.7C
Temperature 3(down) is: 25.0C
Temperature outside is: 24.3C
2016-01-19 03:23:52
[append_row(Session ended)] Error: ''
Starting new session...
Humidity is: 27%
Temperature 1(mid) is: 25.0C
Temperature 2(up) is: 24.7C
Temperature 3(down) is: 25.0C
Temperature outside is: 24.4C
2016-01-19 03:39:07
[append_row(Session ended)] Error: ''
Starting new session...
Humidity is: 27%
Temperature 1(mid) is: 24.9C
Temperature 2(up) is: 24.6C
Temperature 3(down) is: 25.0C
Temperature outside is: 24.4C
2016-01-19 03:54:22
[append_row(Session ended)] Error: ''
Starting new session...
Humidity is: 28%
Temperature 1(mid) is: 24.9C
Temperature 2(up) is: 24.6C
Temperature 3(down) is: 25.0C
Temperature outside is: 24.4C
2016-01-19 04:09:35
[append_row(Session ended)] Error: ''
Starting new session...
Humidity is: 28%
Temperature 1(mid) is: 24.9C
Temperature 2(up) is: 24.6C
Temperature 3(down) is: 25.0C
Temperature outside is: 24.3C
2016-01-19 04:24:54
[append_row(Session ended)] Error: ''
Starting new session...
Humidity is: 27%
Temperature 1(mid) is: 24.9C
Temperature 2(up) is: 24.6C
Temperature 3(down) is: 25.0C
Temperature outside is: 24.3C
2016-01-19 04:40:08
[append_row(Session ended)] Error: ''
Starting new session...
Humidity is: 28%
Temperature 1(mid) is: 24.9C
Temperature 2(up) is: 24.6C
Temperature 3(down) is: 25.0C
Temperature outside is: 24.3C
2016-01-19 04:55:25
[append_row(Session ended)] Error: ''
Starting new session...
Humidity is: 28%
Temperature 1(mid) is: 24.9C
Temperature 2(up) is: 24.6C
Temperature 3(down) is: 25.0C
Temperature outside is: 24.3C
2016-01-19 05:10:38
[append_row(Session ended)] Error: ''
Starting new session...
Humidity is: 27%
Temperature 1(mid) is: 24.9C
Temperature 2(up) is: 24.6C
Temperature 3(down) is: 25.0C
Temperature outside is: 24.4C
2016-01-19 05:25:54
[append_row(Session ended)] Error: ''
Starting new session...
Humidity is: 28%
Temperature 1(mid) is: 24.9C
Temperature 2(up) is: 24.6C
Temperature 3(down) is: 25.0C
Temperature outside is: 24.4C
2016-01-19 05:41:10
[append_row(Session ended)] Error: ''
Starting new session...
Humidity is: 27%
Temperature 1(mid) is: 24.9C
Temperature 2(up) is: 24.6C
Temperature 3(down) is: 25.0C
Temperature outside is: 24.4C
2016-01-19 05:56:26
[append_row(Session ended)] Error: ''
Starting new session...
Humidity is: 28%
Temperature 1(mid) is: 24.9C
Temperature 2(up) is: 24.7C
Temperature 3(down) is: 25.0C
Temperature outside is: 24.4C
2016-01-19 06:11:42
[append_row(Session ended)] Error: ''
Starting new session...
Humidity is: 27%
Temperature 1(mid) is: 24.9C
Temperature 2(up) is: 24.6C
Temperature 3(down) is: 25.0C
Temperature outside is: 24.4C
2016-01-19 06:26:54
[append_row(Session ended)] Error: ''
Starting new session...
Humidity is: 27%
Temperature 1(mid) is: 24.9C
Temperature 2(up) is: 24.6C
Temperature 3(down) is: 25.0C
Temperature outside is: 24.4C
2016-01-19 06:42:09
[append_row(Session ended)] Error: ''
Starting new session...
Humidity is: 27%
Temperature 1(mid) is: 24.9C
Temperature 2(up) is: 24.6C
Temperature 3(down) is: 25.0C
Temperature outside is: 24.4C
2016-01-19 06:57:22
[append_row(Session ended)] Error: ''
Starting new session...
Humidity is: 27%
Temperature 1(mid) is: 24.9C
Temperature 2(up) is: 24.6C
Temperature 3(down) is: 25.0C
Temperature outside is: 24.4C
2016-01-19 07:12:44
[append_row(Session ended)] Error: ''
Starting new session...
Humidity is: 28%
Temperature 1(mid) is: 24.9C
Temperature 2(up) is: 24.7C
Temperature 3(down) is: 25.0C
Temperature outside is: 24.4C
2016-01-19 07:27:59
[append_row(Session ended)] Error: ''
Starting new session...
Humidity is: 27%
Temperature 1(mid) is: 24.9C
Temperature 2(up) is: 24.7C
Temperature 3(down) is: 25.0C
Temperature outside is: 24.4C
2016-01-19 07:43:12
[append_row(Session ended)] Error: ''
Starting new session...
Humidity is: 27%
Temperature 1(mid) is: 24.9C
Temperature 2(up) is: 24.7C
Temperature 3(down) is: 25.0C
Temperature outside is: 24.4C
2016-01-19 07:58:26
[append_row(Session ended)] Error: ''
Starting new session...
Humidity is: 28%
Temperature 1(mid) is: 24.9C
Temperature 2(up) is: 24.7C
Temperature 3(down) is: 25.0C
Temperature outside is: 24.4C
2016-01-19 08:13:40
[append_row(Session ended)] Error: ''
Starting new session...
Humidity is: 27%
Temperature 1(mid) is: 24.9C
Temperature 2(up) is: 24.7C
Temperature 3(down) is: 25.0C
Temperature outside is: 24.4C
2016-01-19 08:28:54
[append_row(Session ended)] Error: ''
Starting new session...
Humidity is: 27%
Temperature 1(mid) is: 24.9C
Temperature 2(up) is: 24.7C
Temperature 3(down) is: 25.0C
Temperature outside is: 24.4C
2016-01-19 08:44:08
[append_row(Session ended)] Error: ''
Starting new session...
Humidity is: 28%
Temperature 1(mid) is: 25.0C
Temperature 2(up) is: 24.8C
Temperature 3(down) is: 25.0C
Temperature outside is: 24.4C
2016-01-19 08:59:21
[append_row(Session ended)] Error: ''
Starting new session...
Humidity is: 28%
Temperature 1(mid) is: 25.0C
Temperature 2(up) is: 24.7C
Temperature 3(down) is: 25.0C
Temperature outside is: 24.4C
2016-01-19 09:14:36
[append_row(Session ended)] Error: ''
Starting new session...
Humidity is: 28%
Temperature 1(mid) is: 25.0C
Temperature 2(up) is: 24.8C
Temperature 3(down) is: 25.0C
Temperature outside is: 24.4C
2016-01-19 09:29:53
[append_row(Session ended)] Error: ''
Starting new session...
Humidity is: 27%
Temperature 1(mid) is: 25.1C
Temperature 2(up) is: 24.8C
Temperature 3(down) is: 25.0C
Temperature outside is: 24.4C
2016-01-19 09:45:08
[append_row(Session ended)] Error: ''
Starting new session...
Humidity is: 28%
Temperature 1(mid) is: 25.1C
Temperature 2(up) is: 24.8C
Temperature 3(down) is: 25.0C
Temperature outside is: 24.2C
2016-01-19 10:00:21
[append_row(Session ended)] Error: ''
Starting new session...
Humidity is: 25%
Temperature 1(mid) is: 25.0C
Temperature 2(up) is: 24.5C
Temperature 3(down) is: 25.0C
Temperature outside is: 24.2C
2016-01-19 10:15:34
[append_row(Session ended)] Error: ''
Starting new session...
Humidity is: 26%
Temperature 1(mid) is: 24.6C
Temperature 2(up) is: 24.5C
Temperature 3(down) is: 25.0C
Temperature outside is: 24.1C
2016-01-19 10:30:48
[append_row(Session ended)] Error: ''
Starting new session...
Humidity is: 27%
Temperature 1(mid) is: 24.6C
Temperature 2(up) is: 24.4C
Temperature 3(down) is: 25.0C
Temperature outside is: 24.1C
2016-01-19 10:46:02
[append_row(Session ended)] Error: ''
Starting new session...
Humidity is: 27%
Temperature 1(mid) is: 24.5C
Temperature 2(up) is: 24.4C
Temperature 3(down) is: 25.0C
Temperature outside is: 24.1C
2016-01-19 11:01:16
[append_row(Session ended)] Error: ''
Starting new session...
Humidity is: 26%
Temperature 1(mid) is: 24.5C
Temperature 2(up) is: 24.4C
Temperature 3(down) is: 24.5C
Temperature outside is: 23.9C
2016-01-19 11:16:29
[append_row(Session ended)] Error: ''
Starting new session...
Humidity is: 27%
Temperature 1(mid) is: 24.6C
Temperature 2(up) is: 24.3C
Temperature 3(down) is: 24.5C
Temperature outside is: 24.0C
2016-01-19 11:31:42
[append_row(Session ended)] Error: ''
Starting new session...
Humidity is: 26%
Temperature 1(mid) is: 24.3C
Temperature 2(up) is: 24.3C
Temperature 3(down) is: 24.5C
Temperature outside is: 24.0C
2016-01-19 11:47:04
[append_row(Session ended)] Error: ''
Starting new session...
Humidity is: 26%
Temperature 1(mid) is: 24.3C
Temperature 2(up) is: 24.3C
Temperature 3(down) is: 24.5C
Temperature outside is: 24.1C
2016-01-19 12:02:17
[append_row(Session ended)] Error: ''
Starting new session...
Humidity is: 26%
Temperature 1(mid) is: 24.2C
Temperature 2(up) is: 24.3C
Temperature 3(down) is: 24.5C
Temperature outside is: 24.1C
2016-01-19 12:17:32
[append_row(Session ended)] Error: ''
Starting new session...
Humidity is: 27%
Temperature 1(mid) is: 24.3C
Temperature 2(up) is: 24.3C
Temperature 3(down) is: 24.5C
Temperature outside is: 24.1C
2016-01-19 12:32:51
[append_row(Session ended)] Error: ''
Starting new session...
Humidity is: 30%
Temperature 1(mid) is: 24.3C
Temperature 2(up) is: 24.3C
Temperature 3(down) is: 24.5C
Temperature outside is: 24.1C
2016-01-19 12:48:06
[append_row(Session ended)] Error: ''
Starting new session...
Humidity is: 33%
Temperature 1(mid) is: 24.5C
Temperature 2(up) is: 24.3C
Temperature 3(down) is: 24.5C
Temperature outside is: 24.1C
2016-01-19 13:03:18
[append_row(Session ended)] Error: ''
Starting new session...
Humidity is: 33%
Temperature 1(mid) is: 24.5C
Temperature 2(up) is: 24.3C
Temperature 3(down) is: 24.5C
Temperature outside is: 24.1C
2016-01-19 13:18:34
[append_row(Session ended)] Error: ''
Starting new session...
Humidity is: 32%
Temperature 1(mid) is: 24.5C
Temperature 2(up) is: 24.3C
Temperature 3(down) is: 24.5C
Temperature outside is: 24.0C
2016-01-19 13:33:54
[append_row(Session ended)] Error: ''
Starting new session...
Humidity is: 31%
Temperature 1(mid) is: 24.4C
Temperature 2(up) is: 24.2C
Temperature 3(down) is: 24.5C
Temperature outside is: 23.9C
2016-01-19 13:49:11
[append_row(Session ended)] Error: ''
Starting new session...
Humidity is: 30%
Temperature 1(mid) is: 24.5C
Temperature 2(up) is: 24.2C
Temperature 3(down) is: 24.5C
Temperature outside is: 23.8C
2016-01-19 14:04:30
[append_row(Session ended)] Error: ''
Starting new session...
Humidity is: 30%
Temperature 1(mid) is: 24.3C
Temperature 2(up) is: 24.2C
Temperature 3(down) is: 24.5C
Temperature outside is: 23.6C
2016-01-19 14:19:46
[append_row(Session ended)] Error: ''
Starting new session...
Humidity is: 30%
Temperature 1(mid) is: 24.3C
Temperature 2(up) is: 24.2C
Temperature 3(down) is: 24.5C
Temperature outside is: 23.6C
2016-01-19 14:35:01
[append_row(Session ended)] Error: ''
Starting new session...
Humidity is: 29%
Temperature 1(mid) is: 24.4C
Temperature 2(up) is: 24.3C
Temperature 3(down) is: 24.5C
Temperature outside is: 23.6C
2016-01-19 14:50:15
[append_row(Session ended)] Error: ''
Starting new session...
Humidity is: 29%
Temperature 1(mid) is: 24.5C
Temperature 2(up) is: 24.4C
Temperature 3(down) is: 24.5C
Temperature outside is: 23.8C
2016-01-19 15:05:33
[append_row(Session ended)] Error: ''
Starting new session...
Humidity is: 29%
Temperature 1(mid) is: 24.9C
Temperature 2(up) is: 24.4C
Temperature 3(down) is: 24.5C
Temperature outside is: 24.2C
2016-01-19 15:20:47
[append_row(Session ended)] Error: ''
Starting new session...
Humidity is: 28%
Temperature 1(mid) is: 25.1C
Temperature 2(up) is: 24.1C
Temperature 3(down) is: 24.0C
Temperature outside is: 20.4C
2016-01-19 15:36:02
[append_row(Session ended)] Error: ''
Starting new session...
Humidity is: 28%
Temperature 1(mid) is: 25.3C
Temperature 2(up) is: 23.9C
Temperature 3(down) is: 24.0C
Temperature outside is: 20.4C
2016-01-19 15:51:24
[while True cycle] Error: [Errno 2] No such file or directory: '/sys/bus/w1/devices/28-000006c8044b/w1_slave'
Meteo station v1.3
Humidity is: 28%
Temperature 1(mid) is: 25.4C
Temperature 2(up) is: 24.6C
Temperature 3(down) is: 24.5C
Temperature outside is: 24.2C
2016-01-19 17:53:05
[append_row(Session ended)] Error: ''
Starting new session...
Humidity is: 28%
Temperature 1(mid) is: 25.5C
Temperature 2(up) is: 24.6C
Temperature 3(down) is: 24.5C
Temperature outside is: 24.2C
2016-01-19 18:08:40
[append_row(Session ended)] Error: ''
Starting new session...
Humidity is: 28%
Temperature 1(mid) is: 25.4C
Temperature 2(up) is: 24.4C
Temperature 3(down) is: 24.5C
Temperature outside is: 24.1C
2016-01-19 18:23:56
[append_row(Session ended)] Error: ''
Starting new session...
Humidity is: 28%
Temperature 1(mid) is: 24.9C
Temperature 2(up) is: 24.4C
Temperature 3(down) is: 24.5C
Temperature outside is: 24.1C
2016-01-19 18:39:09
[append_row(Session ended)] Error: ''
Starting new session...
Humidity is: 28%
Temperature 1(mid) is: 24.5C
Temperature 2(up) is: 24.4C
Temperature 3(down) is: 24.5C
Temperature outside is: 24.1C
2016-01-19 18:54:22
[append_row(Session ended)] Error: ''
Starting new session...
Humidity is: 28%
Temperature 1(mid) is: 24.4C
Temperature 2(up) is: 24.6C
Temperature 3(down) is: 24.5C
Temperature outside is: 24.2C
2016-01-19 19:09:36
[append_row(Session ended)] Error: ''
Starting new session...
Humidity is: 28%
Temperature 1(mid) is: 24.6C
Temperature 2(up) is: 24.6C
Temperature 3(down) is: 24.5C
Temperature outside is: 24.4C
2016-01-19 19:24:57
[append_row(Session ended)] Error: ''
Starting new session...
Humidity is: 27%
Temperature 1(mid) is: 25.3C
Temperature 2(up) is: 24.6C
Temperature 3(down) is: 24.5C
Temperature outside is: 24.4C
2016-01-19 19:40:12
[append_row(Session ended)] Error: ''
Starting new session...
Humidity is: 27%
Temperature 1(mid) is: 25.4C
Temperature 2(up) is: 24.6C
Temperature 3(down) is: 24.5C
Temperature outside is: 24.4C
2016-01-19 19:55:29
[append_row(Session ended)] Error: ''
Starting new session...
Humidity is: 27%
Temperature 1(mid) is: 25.3C
Temperature 2(up) is: 24.7C
Temperature 3(down) is: 24.5C
Temperature outside is: 24.4C
2016-01-19 20:10:44
[append_row(Session ended)] Error: ''
Starting new session...
Humidity is: 28%
Temperature 1(mid) is: 25.5C
Temperature 2(up) is: 24.7C
Temperature 3(down) is: 25.0C
Temperature outside is: 24.4C
2016-01-19 20:25:59
[append_row(Session ended)] Error: ''
Starting new session...
Humidity is: 27%
Temperature 1(mid) is: 25.5C
Temperature 2(up) is: 24.8C
Temperature 3(down) is: 25.0C
Temperature outside is: 24.4C
2016-01-19 20:41:13
[append_row(Session ended)] Error: ''
Starting new session...
Humidity is: 27%
Temperature 1(mid) is: 25.5C
Temperature 2(up) is: 24.8C
Temperature 3(down) is: 25.0C
Temperature outside is: 24.6C
2016-01-19 20:56:29
[append_row(Session ended)] Error: ''
Starting new session...
Humidity is: 27%
Temperature 1(mid) is: 25.6C
Temperature 2(up) is: 24.8C
Temperature 3(down) is: 25.0C
Temperature outside is: 24.6C
2016-01-19 21:11:45
[append_row(Session ended)] Error: ''
Starting new session...
Humidity is: 27%
Temperature 1(mid) is: 25.6C
Temperature 2(up) is: 24.8C
Temperature 3(down) is: 25.0C
Temperature outside is: 24.8C
2016-01-19 21:27:00
[append_row(Session ended)] Error: ''
Starting new session...
Humidity is: 27%
Temperature 1(mid) is: 25.7C
Temperature 2(up) is: 24.8C
Temperature 3(down) is: 25.0C
Temperature outside is: 24.6C
2016-01-19 21:42:12
[append_row(Session ended)] Error: ''
Starting new session...
Humidity is: 27%
Temperature 1(mid) is: 25.7C
Temperature 2(up) is: 24.8C
Temperature 3(down) is: 25.0C
Temperature outside is: 24.6C
2016-01-19 21:57:34
[append_row(Session ended)] Error: ''
Starting new session...
Humidity is: 27%
Temperature 1(mid) is: 25.7C
Temperature 2(up) is: 24.9C
Temperature 3(down) is: 25.0C
Temperature outside is: 24.6C
2016-01-19 22:12:47
[append_row(Session ended)] Error: ''
Starting new session...
Humidity is: 28%
Temperature 1(mid) is: 25.7C
Temperature 2(up) is: 24.9C
Temperature 3(down) is: 25.0C
Temperature outside is: 24.6C
2016-01-19 22:28:00
[append_row(Session ended)] Error: Meteo station v1.3
[tryToConnect] Error: EOF occurred in violation of protocol (_ssl.c:581)
Waiting 60s.
Retrying...
Humidity is: 26%
Temperature 1(mid) is: 23.6C
Temperature 2(up) is: 23.9C
Temperature 3(down) is: 24.0C
Temperature outside is: 85.0C
2016-01-20 11:19:43
[append_row(Session ended)] Error: ''
Starting new session...
Humidity is: 26%
Temperature 1(mid) is: 23.6C
Temperature 2(up) is: 24.1C
Temperature 3(down) is: 24.5C
Temperature outside is: 23.8C
2016-01-20 11:36:08
[append_row(Session ended)] Error: ''
Starting new session...
Humidity is: 27%
Temperature 1(mid) is: 23.6C
Temperature 2(up) is: 24.1C
Temperature 3(down) is: 24.5C
Temperature outside is: 23.9C
2016-01-20 11:51:20
[append_row(Session ended)] Error: ''
Starting new session...
Humidity is: 27%
Temperature 1(mid) is: 24.4C
Temperature 2(up) is: 24.1C
Temperature 3(down) is: 24.5C
Temperature outside is: 23.6C
2016-01-20 12:06:38
[append_row(Session ended)] Error: ''
Starting new session...
Humidity is: 27%
Temperature 1(mid) is: 24.6C
Temperature 2(up) is: 24.0C
Temperature 3(down) is: 24.0C
Temperature outside is: 23.6C
2016-01-20 12:21:58
[append_row(Session ended)] Error: ''
Starting new session...
Humidity is: 26%
Temperature 1(mid) is: 24.0C
Temperature 2(up) is: 24.0C
Temperature 3(down) is: 24.0C
Temperature outside is: 23.6C
2016-01-20 12:37:11
[append_row(Session ended)] Error: ''
Starting new session...
Humidity is: 26%
Temperature 1(mid) is: 23.9C
Temperature 2(up) is: 23.9C
Temperature 3(down) is: 24.0C
Temperature outside is: 23.7C
2016-01-20 12:52:28
[append_row(Session ended)] Error: ''
Starting new session...
Humidity is: 25%
Temperature 1(mid) is: 23.9C
Temperature 2(up) is: 24.1C
Temperature 3(down) is: 24.0C
Temperature outside is: 23.7C
2016-01-20 13:07:43
[append_row(Session ended)] Error: ''
Starting new session...
Humidity is: 26%
Temperature 1(mid) is: 24.2C
Temperature 2(up) is: 24.1C
Temperature 3(down) is: 24.0C
Temperature outside is: 23.9C
2016-01-20 13:22:57
[append_row(Session ended)] Error: ''
Starting new session...
Humidity is: 26%
Temperature 1(mid) is: 24.6C
Temperature 2(up) is: 24.1C
Temperature 3(down) is: 24.5C
Temperature outside is: 24.0C
2016-01-20 13:38:14
[append_row(Session ended)] Error: ''
Starting new session...
Humidity is: 27%
Temperature 1(mid) is: 24.8C
Temperature 2(up) is: 24.1C
Temperature 3(down) is: 24.5C
Temperature outside is: 24.0C
2016-01-20 13:53:30
[append_row(Session ended)] Error: ''
Starting new session...
Humidity is: 27%
Temperature 1(mid) is: 24.8C
Temperature 2(up) is: 24.2C
Temperature 3(down) is: 24.0C
Temperature outside is: 24.0C
2016-01-20 14:08:48
[append_row(Session ended)] Error: ''
Starting new session...
Humidity is: 28%
Temperature 1(mid) is: 24.9C
Temperature 2(up) is: 24.2C
Temperature 3(down) is: 24.5C
Temperature outside is: 24.0C
2016-01-20 14:24:02
[append_row(Session ended)] Error: ''
Starting new session...
Humidity is: 27%
Temperature 1(mid) is: 24.9C
Temperature 2(up) is: 24.2C
Temperature 3(down) is: 24.5C
Temperature outside is: 24.0C
2016-01-20 14:39:17
[append_row(Session ended)] Error: ''
Starting new session...
Humidity is: 27%
Temperature 1(mid) is: 24.9C
Temperature 2(up) is: 24.1C
Temperature 3(down) is: 24.5C
Temperature outside is: 24.0C
2016-01-20 14:54:37
[append_row(Session ended)] Error: ''
Starting new session...
Humidity is: 27%
Temperature 1(mid) is: 24.8C
Temperature 2(up) is: 24.2C
Temperature 3(down) is: 24.5C
Temperature outside is: 24.0C
2016-01-20 15:09:55
[append_row(Session ended)] Error: ''
Starting new session...
Humidity is: 27%
Temperature 1(mid) is: 24.7C
Temperature 2(up) is: 24.2C
Temperature 3(down) is: 24.5C
Temperature outside is: 24.0C
2016-01-20 15:25:11
[append_row(Session ended)] Error: ''
Starting new session...
Humidity is: 27%
Temperature 1(mid) is: 24.9C
Temperature 2(up) is: 24.2C
Temperature 3(down) is: 24.5C
Temperature outside is: 24.1C
2016-01-20 15:40:28
[append_row(Session ended)] Error: ''
Starting new session...
Humidity is: 27%
Temperature 1(mid) is: 24.9C
Temperature 2(up) is: 24.2C
Temperature 3(dowMeteo station v1.3
Humidity is: 30%
Temperature 1(mid) is: 25.1C
Temperature 2(up) is: 24.2C
Temperature 3(down) is: 24.5C
Temperature outside is: 24.0C
2016-01-20 18:23:59
[append_row(Session ended)] Error: ''
Starting new session...
Humidity is: 30%
Temperature 1(mid) is: 25.1C
Temperature 2(up) is: 24.2C
Temperature 3(down) is: 24.5C
Temperature outside is: 24.0C
2016-01-20 18:39:33
[append_row(Session ended)] Error: ''
Starting new session...
Humidity is: 30%
Temperature 1(mid) is: 25.2C
Temperature 2(up) is: 24.2C
Temperature 3(down) is: 24.5C
Temperature outside is: 24.0C
2016-01-20 18:54:53
[append_row(Session ended)] Error: ''
Starting new session...
Humidity is: 29%
Temperature 1(mid) is: 25.2C
Temperature 2(up) is: 24.2C
Temperature 3(down) is: 24.5C
Temperature outside is: 24.1C
2016-01-20 19:10:08
[append_row(Session ended)] Error: ''
Starting new session...
Humidity is: 30%
Temperature 1(mid) is: 25.2C
Temperature 2(up) is: 24.3C
Temperature 3(down) is: 24.5C
Temperature outside is: 24.1C
2016-01-20 19:25:25
[append_row(Session ended)] Error: ''
Starting new session...
Humidity is: 31%
Temperature 1(mid) is: 25.0C
Temperature 2(up) is: 24.3C
Temperature 3(down) is: 24.5C
Temperature outside is: 24.1C
2016-01-20 19:40:38
[append_row(Session ended)] Error: ''
Starting new session...
Humidity is: 30%
Temperature 1(mid) is: 25.2C
Temperature 2(up) is: 24.3C
Temperature 3(down) is: 24.5C
Temperature outside is: 24.1C
2016-01-20 19:55:57
[append_row(Session ended)] Error: ''
Starting new session...
Humidity is: 30%
Temperature 1(mid) is: 25.2C
Temperature 2(up) is: 24.3C
Temperature 3(down) is: 24.5C
Temperature outside is: 24.1C
2016-01-20 20:11:10
[append_row(Session ended)] Error: ''
Starting new session...
Humidity is: 29%
Temperature 1(mid) is: 25.2C
Temperature 2(up) is: 24.3C
Temperature 3(down) is: 24.5C
Temperature outside is: 24.1C
2016-01-20 20:26:27
[append_row(Session ended)] Error: ''
Starting new session...
Humidity is: 31%
Temperature 1(mid) is: 25.2C
Temperature 2(up) is: 24.4C
Temperature 3(down) is: 24.5C
Temperature outside is: 24.5C
2016-01-20 20:41:40
[append_row(Session ended)] Error: ''
Starting new session...
Humidity is: 29%
Temperature 1(mid) is: 25.2C
Temperature 2(up) is: 24.4C
Temperature 3(down) is: 24.5C
Temperature outside is: 24.5C
2016-01-20 20:56:56
[append_row(Session ended)] Error: ''
Starting new session...
Humidity is: 30%
Temperature 1(mid) is: 25.3C
Temperature 2(up) is: 24.4C
Temperature 3(down) is: 24.5C
Temperature outside is: 24.4C
2016-01-20 21:12:10
[append_row(Session ended)] Error: ''
Starting new session...
Humidity is: 32%
Temperature 1(mid) is: 25.2C
Temperature 2(up) is: 24.4C
Temperature 3(down) is: 24.5C
Temperature outside is: 24.2C
2016-01-20 21:27:26
[append_row(Session ended)] Error: ''
Starting new session...
Humidity is: 33%
Temperature 1(mid) is: 24.9C
Temperature 2(up) is: 24.4C
Temperature 3(down) is: 24.5C
Temperature outside is: 24.4C
2016-01-20 21:42:42
[append_row(Session ended)] Error: ''
Starting new session...
Humidity is: 32%
Temperature 1(mid) is: 25.3C
Temperature 2(up) is: 24.4C
Temperature 3(down) is: 24.5C
Temperature outside is: 24.3C
2016-01-20 21:57:55
[append_row(Session ended)] Error: ''
Starting new session...
Humidity is: 31%
Temperature 1(mid) is: 25.4C
Temperature 2(up) is: 24.4C
Temperature 3(down) is: 24.5C
Temperature outside is: 23.9C
2016-01-20 22:13:09
[append_row(Session ended)] Error: ''
Starting new session...
Humidity is: 30%
Temperature 1(mid) is: 25.2C
Temperature 2(up) is: 24.4C
Temperature 3(down) is: 24.5C
Temperature outside is: 24.2C
2016-01-20 22:28:21
[append_row(Session ended)] Error: ''
Starting new session...
Humidity is: 30%
Temperature 1(mid) is: 25.2C
Temperature 2(up) is: 24.4C
Temperature 3(down) is: 24.5C
Temperature outside is: 24.2C
2016-01-20 22:43:35
[append_row(Session ended)] Error: ''
Starting new session...
Humidity is: 30%
Temperature 1(mid) is: 25.1C
Temperature 2(up) is: 24.4C
Temperature 3(down) is: 24.5C
Temperature outside is: 24.2C
2016-01-20 22:58:50
[append_row(Session ended)] Error: Meteo station v1.3
Humidity is: 22%
Temperature 1(mid) is: 20.0C
Temperature 2(up) is: 23.8C
Temperature 3(down) is: 85.0C
Temperature outside is: 85.0C
2016-01-21 09:13:19
[append_row(Session ended)] Error: ''
Starting new session...
Humidity is: 22%
Temperature 1(mid) is: 20.0C
Temperature 2(up) is: 23.8C
Temperature 3(down) is: 24.0C
Temperature outside is: 85.0C
2016-01-21 09:28:56
[append_row(Session ended)] Error: ''
Starting new session...
Humidity is: 26%
Temperature 1(mid) is: 20.8C
Temperature 2(up) is: 23.8C
Temperature 3(down) is: 24.0C
Temperature outside is: 85.0C
2016-01-21 09:44:14
[append_row(Session ended)] Error: ''
Starting new session...
Humidity is: 27%
Temperature 1(mid) is: 23.2C
Temperature 2(up) is: 23.8C
Temperature 3(down) is: 24.0C
Temperature outside is: 85.0C
2016-01-21 09:59:26
[append_row(Session ended)] Error: ''
Starting new session...
Humidity is: 28%
Temperature 1(mid) is: 23.5C
Temperature 2(up) is: 23.8C
Temperature 3(down) is: 24.0C
Temperature outside is: 23.3C
2016-01-21 10:14:44
[append_row(Session ended)] Error: ''
Starting new session...
Humidity is: 27%
Temperature 1(mid) is: 23.5C
Temperature 2(up) is: 23.8C
Temperature 3(down) is: 24.0C
Temperature outside is: 23.3C
2016-01-21 10:29:59
[append_row(Session ended)] Error: ''
Starting new session...
Humidity is: 27%
Temperature 1(mid) is: 23.8C
Temperature 2(up) is: 23.8C
Temperature 3(down) is: 24.0C
Temperature outside is: 23.3C
2016-01-21 10:45:17
[append_row(Session ended)] Error: ''
Starting new session...
Humidity is: 27%
Temperature 1(mid) is: 23.6C
Temperature 2(up) is: 23.8C
Temperature 3(down) is: 24.0C
Temperature outside is: 23.4C
2016-01-21 11:00:32
[append_row(Session ended)] Error: ''
Starting new session...
Humidity is: 27%
Temperature 1(mid) is: 23.7C
Temperature 2(up) is: 23.8C
Temperature 3(down) is: 24.0C
Temperature outside is: 23.4C
2016-01-21 11:15:48
[append_row(Session ended)] Error: ''
Starting new session...
Humidity is: 27%
Temperature 1(mid) is: 23.8C
Temperature 2(up) is: 23.8C
Temperature 3(down) is: 24.0C
Temperature outside is: 23.4C
2016-01-21 11:31:05
[append_row(Session ended)] Error: ''
Starting new session...
Humidity is: 27%
Temperature 1(mid) is: 23.9C
Temperature 2(up) is: 23.7C
Temperature 3(down) is: 24.0C
Temperature outside is: 23.4C
2016-01-21 11:46:21
[append_row(Session ended)] Error: ''
Starting new session...
[while True cycle] Error: 500: <!DOCTYPE html><html lang="ru" ><head><meta name="description" content="- ,   "><link rel="shortcut icon" href="//ssl.gstatic.com/docs/common/drive_favicon1.ico"><title> Google </title><link href="//fonts.googleapis.com/css?family=Product+Sans" rel="stylesheet" type="text/css"><style>/* Copyright 2016 Google Inc. All Rights Reserved. */
.goog-inline-block{position:relative;display:-moz-inline-box;display:inline-block}* html .goog-inline-block{display:inline}*:first-child+html .goog-inline-block{display:inline}#drive-logo{margin:18px 0;position:absolute;white-space:nowrap}.docs-drivelogo-img{background-image:url('//ssl.gstatic.com/images/branding/googlelogo/1x/googlelogo_color_116x41dp.png');background-size:116px 41px;display:inline-block;height:41px;vertical-align:bottom;width:116px}.docs-drivelogo-text{color:#000;display:inline-block;opacity:0.54;text-decoration:none;font-family:'Product Sans',Arial,Helvetica,sans-serif;font-size:32px;text-rendering:optimizeLegibility;position:relative;top:-6px;left:-7px;-webkit-font-smoothing:antialiased;-moz-osx-font-smoothing:grayscale}@media (-webkit-min-device-pixel-ratio:1.5),(min-resolution:144dpi){.docs-drivelogo-img{background-image:url('//ssl.gstatic.com/images/branding/googlelogo/2x/googlelogo_color_116x41dp.png')}}</style><style type="text/css">body {background-color: #fff; font-family: Arial,sans-serif; font-size: 13px; margin: 0; padding: 0;}a, a:link, a:visited {color: #112ABB;}</style><style type="text/css">.errorMessage {font-size: 12pt; font-weight: bold; line-height: 150%;}</style></head><body><div style="margin: auto; max-width: 750px;"><div style="margin: 80px 40px 20px 40px; position:relative; "><div style="position: absolute; top: -80px;"><div id="drive-logo"><a href="/"><span class="docs-drivelogo-img" title="Google logo"></span><span class="docs-drivelogo-text">&nbsp;</span></a></div></div><p style="padding-top: 15px"> .         .</p><p>     Google ,   <a href="https://support.google.com/docs/?hl=ru&p=error_help" target="_blank"> </a>.</p><p><br><b>    .</b><br><i>-  Google </i></p></div></div></body></html>
Humidity is: 27%
Temperature 1(mid) is: 23.8C
Temperature 2(up) is: 23.8C
Temperature 3(down) is: 24.0C
Temperature outside is: 23.4C
2016-01-21 12:03:01
[append_row(Session ended)] Error: ''
Starting new session...
Humidity is: 27%
Temperature 1(mid) is: 23.9C
Temperature 2(up) is: 23.7C
Temperature 3(down) is: 24.0C
Temperature outside is: 23.4C
2016-01-21 12:18:07
[append_row(Session ended)] Error: ''
Starting new session...
Humidity is: 27%
Temperature 1(mid) is: 23.9C
Temperature 2(up) is: 23.7C
Temperature 3(down) is: 24.0C
Temperature outside is: 23.4C
2016-01-21 12:33:26
[append_row(Session ended)] Error: ''
Starting new session...
Humidity is: 27%
Temperature 1(mid) is: 23.9C
Temperature 2(up) is: 23.7C
Temperature 3(down) is: 24.0C
Temperature outside is: 23.5C
2016-01-21 12:48:42
[append_row(Session ended)] Error: ''
Starting new session...
Humidity is: 27%
Temperature 1(mid) is: 23.9C
Temperature 2(up) is: 23.7C
Temperature 3(down) is: 24.0C
Temperature outside is: 23.5C
2016-01-21 13:03:59
[append_row(Session ended)] Error: ''
Starting new session...
Humidity is: 28%
Temperature 1(mid) is: 24.0C
Temperature 2(up) is: 23.7C
Temperature 3(down) is: 24.0C
Temperature outside is: 23.4C
2016-01-21 13:19:17
[append_row(Session ended)] Error: ''
Starting new session...
Humidity is: 27%
Temperature 1(mid) is: 23.9C
Temperature 2(up) is: 23.7C
Temperature 3(down) is: 24.0C
Temperature outside is: 23.4C
2016-01-21 13:34:37
[append_row(Session ended)] Error: ''
Starting new session...
Humidity is: 27%
Temperature 1(mid) is: 24.0C
Temperature 2(up) is: 23.6C
Temperature 3(down) is: 24.0C
Temperature outside is: 23.4C
2016-01-21 13:49:54
[append_row(Session ended)] Error: ''
Starting new session...
Humidity is: 27%
Temperature 1(mid) is: 23.9C
Temperature 2(up) is: 23.6C
Temperature 3(down) is: 24.0C
Temperature outside is: 23.4C
2016-01-21 14:05:10
[append_row(Session ended)] Error: ''
Starting new session...
Humidity is: 27%
Temperature 1(mid) is: 23.8C
Temperature 2(up) is: 23.6C
Temperature 3(down) is: 24.0C
Temperature outside is: 23.4C
2016-01-21 14:20:25
[append_row(Session ended)] Error: ''
Starting new session...
Humidity is: 27%
Temperature 1(mid) is: 23.8C
Temperature 2(up) is: 23.6C
Temperature 3(down) is: 24.0C
Temperature outside is: 23.4C
2016-01-21 14:35:43
[append_row(Session ended)] Error: ''
Starting new session...
Humidity is: 27%
Temperature 1(mid) is: 23.7C
Temperature 2(up) is: 23.6C
Temperature 3(down) is: 24.0C
Temperature outside is: 23.4C
2016-01-21 14:50:59
[append_row(Session ended)] Error: ''
Starting new session...
Humidity is: 28%
Temperature 1(mid) is: 24.0C
Temperature 2(up) is: 23.6C
Temperature 3(down) is: 24.0C
Temperature outside is: 23.8C
2016-01-21 15:06:18
[append_row(Session ended)] Error: ''
Starting new session...
Humidity is: 27%
Temperature 1(mid) is: 24.5C
Temperature 2(up) is: 23.9C
Temperature 3(down) is: 24.0C
Temperature outside is: 23.8C
2016-01-21 15:21:34
[append_row(Session ended)] Error: ''
Starting new session...
Humidity is: 27%
Temperature 1(mid) is: 24.7C
Temperature 2(up) is: 23.9C
Temperature 3(down) is: 24.0C
Temperature outside isMeteo station v1.3
[tryToConnect] Error: EOF occurred in violation of protocol (_ssl.c:581)
Waiting 60s.
Retrying...
Humidity is: 24%
Temperature 1(mid) is: 23.0C
Temperature 2(up) is: 85.0C
Temperature 3(down) is: 24.0C
Temperature outside is: 85.0C
2016-01-22 09:23:48
[append_row(Session ended)] Error: ''
Starting new session...
Humidity is: 24%
Temperature 1(mid) is: 23.0C
Temperature 2(up) is: 23.9C
Temperature 3(down) is: 24.0C
Temperature outside is: 23.2C
2016-01-22 09:40:19
[append_row(Session ended)] Error: ''
Starting new session...
Humidity is: 24%
Temperature 1(mid) is: 23.1C
Temperature 2(up) is: 23.9C
Temperature 3(down) is: 24.0C
Temperature outside is: 23.4C
2016-01-22 09:55:33
[append_row(Session ended)] Error: ''
Starting new session...
Humidity is: 25%
Temperature 1(mid) is: 23.6C
Temperature 2(up) is: 23.9C
Temperature 3(down) is: 24.0C
Temperature outside is: 23.4C
2016-01-22 10:10:49
[append_row(Session ended)] Error: ''
Starting new session...
Humidity is: 25%
Temperature 1(mid) is: 23.8C
Temperature 2(up) is: 23.9C
Temperature 3(down) is: 24.0C
Temperature outside is: 23.4C
2016-01-22 10:26:05
[append_row(Session ended)] Error: ''
Starting new session...
Humidity is: 25%
Temperature 1(mid) is: 23.8C
Temperature 2(up) is: 23.9C
Temperature 3(down) is: 24.0C
Temperature outside is: 23.4C
2016-01-22 10:41:30
[append_row(Session ended)] Error: ''
Starting new session...
Humidity is: 25%
Temperature 1(mid) is: 23.8C
Temperature 2(up) is: 23.9C
Temperature 3(down) is: 24.0C
Temperature outside is: 23.4C
2016-01-22 10:56:46
[append_row(Session ended)] Error: ''
Starting new session...
Humidity is: 25%
Temperature 1(mid) is: 23.8C
Temperature 2(up) is: 23.8C
Temperature 3(down) is: 24.0C
Temperature outside is: 23.4C
2016-01-22 11:11:59
[append_row(Session ended)] Error: ''
Starting new session...
Humidity is: 24%
Temperature 1(mid) is: 23.8C
Temperature 2(up) is: 23.8C
Temperature 3(down) is: 24.0C
Temperature outside is: 23.5C
2016-01-22 11:27:14
[append_row(Session ended)] Error: ''
Starting new session...
Humidity is: 24%
Temperature 1(mid) is: 23.8C
Temperature 2(up) is: 23.8C
Temperature 3(down) is: 24.0C
Temperature outside is: 23.5C
2016-01-22 11:42:29
[append_row(Session ended)] Error: ''
Starting new session...
Humidity is: 27%
Temperature 1(mid) is: 24.0C
Temperature 2(up) is: 23.8C
Temperature 3(down) is: 24.0C
Temperature outside is: 23.6C
2016-01-22 11:57:48
[append_row(Session ended)] Error: ''
Starting new session...
Humidity is: 27%
Temperature 1(mid) is: 24.0C
Temperature 2(up) is: 23.9C
Temperature 3(down) is: 24.0C
Temperature outside is: 23.6C
2016-01-22 12:13:00
[append_row(Session ended)] Error: ''
Starting new session...
Humidity is: 30%
Temperature 1(mid) is: 24.1C
Temperature 2(up) is: 23.9C
Temperature 3(down) is: 24.0C
Temperature outside is: 23.5C
2016-01-22 12:28:19
[append_row(Session ended)] Error: ''
Starting new session...
Humidity is: 33%
Temperature 1(mid) is: 24.1C
Temperature 2(up) is: 23.9C
Temperature 3(down) is: 24.0C
Temperature outside is: 23.5C
2016-01-22 12:43:36
[append_row(Session ended)] Error: ''
Starting new session...
Humidity is: 31%
Temperature 1(mid) is: 24.0C
Temperature 2(up) is: 23.9C
Temperature 3(down) is: 24.0C
Temperature outside is: 23.5C
2016-01-22 12:58:50
[append_row(Session ended)] Error: ''
Starting new session...
Humidity is: 31%
Temperature 1(mid) is: 24.1C
Temperature 2(up) is: 23.9C
Temperature 3(down) is: 24.0C
Temperature outside is: 23.6C
2016-01-22 13:14:04
[append_row(Session ended)] Error: ''
Starting new session...
Humidity is: 30%
Temperature 1(mid) is: 24.0C
Temperature 2(up) is: 23.8C
Temperature 3(down) is: 24.0C
Temperature outside is: 23.6C
2016-01-22 13:29:17
[append_row(Session ended)] Error: ''
Starting new session...
Humidity is: 29%
Temperature 1(mid) is: 24.1C
Temperature 2(up) is: 23.8C
Temperature 3(down) is: 24.0C
Temperature outside is: 23.6C
2016-01-22 13:44:33
[append_row(Session ended)] Error: ''
Starting new session...
Humidity is: 29%
Temperature 1(mid) is: 24.0C
Temperature 2(up) is: 23.8C
Temperature 3(dow